{"C:\\Users\\ICTS\\Documents\\ProjetosICTS\\Motion Drive\\interface-cnc\\backend-cnc\\src\\Queue\\queueComand.js":{"path":"C:\\Users\\ICTS\\Documents\\ProjetosICTS\\Motion Drive\\interface-cnc\\backend-cnc\\src\\Queue\\queueComand.js","statementMap":{"0":{"start":{"line":3,"column":0},"end":{"line":5,"column":3}},"1":{"start":{"line":6,"column":12},"end":{"line":6,"column":33}},"2":{"start":{"line":8,"column":18},"end":{"line":8,"column":29}},"3":{"start":{"line":10,"column":0},"end":{"line":10,"column":30}}},"fnMap":{},"branchMap":{},"s":{"0":1,"1":1,"2":1,"3":1},"f":{},"b":{},"inputSourceMap":{"version":3,"sources":["queueComand.js"],"names":["Queue","require","queueComand"],"mappings":";;;;;AAAA,IAAIA,QAAQC,QAAQ,YAAR,CAAZ;;AAEA,IAAMC,cAAc,IAAIF,KAAJ,EAApB;;kBAEeE,W","file":"queueComand.js","sourceRoot":"C:/Users/ICTS/Documents/ProjetosICTS/Motion Drive/interface-cnc/backend-cnc/src/Queue","sourcesContent":["let Queue = require('queue-fifo');\r\n\r\nconst queueComand = new Queue();\r\n\r\nexport default queueComand;\r\n"]},"_coverageSchema":"1a1c01bbd47fc00a2c39e90264f33305004495a9","hash":"14c45ce5024f0ff8146c909c2c609247c04a494e","contentHash":"39ef6d5de258ffddd7648433361724b255cd3f2a727cd6da18ac010018d7ca16"},"C:\\Users\\ICTS\\Documents\\ProjetosICTS\\Motion Drive\\interface-cnc\\backend-cnc\\src\\Queue\\queueResponse.js":{"path":"C:\\Users\\ICTS\\Documents\\ProjetosICTS\\Motion Drive\\interface-cnc\\backend-cnc\\src\\Queue\\queueResponse.js","statementMap":{"0":{"start":{"line":3,"column":0},"end":{"line":5,"column":3}},"1":{"start":{"line":6,"column":12},"end":{"line":6,"column":33}},"2":{"start":{"line":8,"column":20},"end":{"line":8,"column":31}},"3":{"start":{"line":10,"column":0},"end":{"line":10,"column":32}}},"fnMap":{},"branchMap":{},"s":{"0":1,"1":1,"2":1,"3":1},"f":{},"b":{},"inputSourceMap":{"version":3,"sources":["queueResponse.js"],"names":["Queue","require","queueResponse"],"mappings":";;;;;AAAA,IAAIA,QAAQC,QAAQ,YAAR,CAAZ;;AAEA,IAAMC,gBAAgB,IAAIF,KAAJ,EAAtB;;kBAEeE,a","file":"queueResponse.js","sourceRoot":"C:/Users/ICTS/Documents/ProjetosICTS/Motion Drive/interface-cnc/backend-cnc/src/Queue","sourcesContent":["let Queue = require('queue-fifo');\r\n\r\nconst queueResponse = new Queue();\r\n\r\nexport default queueResponse;\r\n"]},"_coverageSchema":"1a1c01bbd47fc00a2c39e90264f33305004495a9","hash":"379e8fa51302f59a8084079e8b6b11c65becadbc","contentHash":"165d357c3bbcf1a28ae6eab08f47a4badaa4e25ca5ff3ad12b3d622b87451030"},"C:\\Users\\ICTS\\Documents\\ProjetosICTS\\Motion Drive\\interface-cnc\\backend-cnc\\src\\Queue\\queueResponseEncoderX.js":{"path":"C:\\Users\\ICTS\\Documents\\ProjetosICTS\\Motion Drive\\interface-cnc\\backend-cnc\\src\\Queue\\queueResponseEncoderX.js","statementMap":{"0":{"start":{"line":3,"column":0},"end":{"line":5,"column":3}},"1":{"start":{"line":6,"column":12},"end":{"line":6,"column":33}},"2":{"start":{"line":8,"column":28},"end":{"line":8,"column":39}},"3":{"start":{"line":10,"column":0},"end":{"line":10,"column":40}}},"fnMap":{},"branchMap":{},"s":{"0":1,"1":1,"2":1,"3":1},"f":{},"b":{},"inputSourceMap":{"version":3,"sources":["queueResponseEncoderX.js"],"names":["Queue","require","queueResponseEncoderX"],"mappings":";;;;;AAAA,IAAIA,QAAQC,QAAQ,YAAR,CAAZ;;AAEA,IAAMC,wBAAwB,IAAIF,KAAJ,EAA9B;;kBAEeE,qB","file":"queueResponseEncoderX.js","sourceRoot":"C:/Users/ICTS/Documents/ProjetosICTS/Motion Drive/interface-cnc/backend-cnc/src/Queue","sourcesContent":["let Queue = require('queue-fifo');\r\n\r\nconst queueResponseEncoderX = new Queue();\r\n\r\nexport default queueResponseEncoderX;"]},"_coverageSchema":"1a1c01bbd47fc00a2c39e90264f33305004495a9","hash":"ab0167b146edd056bb8da4e5e98b115a2d83b382","contentHash":"44422982f3496d4b15dc21a3eceaf005daf9dabfcd87738c5cc6721ec9f74b8b"},"C:\\Users\\ICTS\\Documents\\ProjetosICTS\\Motion Drive\\interface-cnc\\backend-cnc\\src\\Queue\\queueResponseEncoderY.js":{"path":"C:\\Users\\ICTS\\Documents\\ProjetosICTS\\Motion Drive\\interface-cnc\\backend-cnc\\src\\Queue\\queueResponseEncoderY.js","statementMap":{"0":{"start":{"line":3,"column":0},"end":{"line":5,"column":3}},"1":{"start":{"line":6,"column":12},"end":{"line":6,"column":33}},"2":{"start":{"line":8,"column":28},"end":{"line":8,"column":39}},"3":{"start":{"line":10,"column":0},"end":{"line":10,"column":40}}},"fnMap":{},"branchMap":{},"s":{"0":1,"1":1,"2":1,"3":1},"f":{},"b":{},"inputSourceMap":{"version":3,"sources":["queueResponseEncoderY.js"],"names":["Queue","require","queueResponseEncoderY"],"mappings":";;;;;AAAA,IAAIA,QAAQC,QAAQ,YAAR,CAAZ;;AAEA,IAAMC,wBAAwB,IAAIF,KAAJ,EAA9B;;kBAEeE,qB","file":"queueResponseEncoderY.js","sourceRoot":"C:/Users/ICTS/Documents/ProjetosICTS/Motion Drive/interface-cnc/backend-cnc/src/Queue","sourcesContent":["let Queue = require('queue-fifo');\n\nconst queueResponseEncoderY = new Queue();\n\nexport default queueResponseEncoderY;\n"]},"_coverageSchema":"1a1c01bbd47fc00a2c39e90264f33305004495a9","hash":"ce82f731dda5585431eed9e8a3b903340a80a0d4","contentHash":"7588e1a5e84c245a3fdf355e66e8739aa0c22317d3f58a423420c238297deebe"},"C:\\Users\\ICTS\\Documents\\ProjetosICTS\\Motion Drive\\interface-cnc\\backend-cnc\\src\\Queue\\queueResponseEncoderZ.js":{"path":"C:\\Users\\ICTS\\Documents\\ProjetosICTS\\Motion Drive\\interface-cnc\\backend-cnc\\src\\Queue\\queueResponseEncoderZ.js","statementMap":{"0":{"start":{"line":3,"column":0},"end":{"line":5,"column":3}},"1":{"start":{"line":6,"column":12},"end":{"line":6,"column":33}},"2":{"start":{"line":8,"column":28},"end":{"line":8,"column":39}},"3":{"start":{"line":10,"column":0},"end":{"line":10,"column":40}}},"fnMap":{},"branchMap":{},"s":{"0":1,"1":1,"2":1,"3":1},"f":{},"b":{},"inputSourceMap":{"version":3,"sources":["queueResponseEncoderZ.js"],"names":["Queue","require","queueResponseEncoderZ"],"mappings":";;;;;AAAA,IAAIA,QAAQC,QAAQ,YAAR,CAAZ;;AAEA,IAAMC,wBAAwB,IAAIF,KAAJ,EAA9B;;kBAEeE,qB","file":"queueResponseEncoderZ.js","sourceRoot":"C:/Users/ICTS/Documents/ProjetosICTS/Motion Drive/interface-cnc/backend-cnc/src/Queue","sourcesContent":["let Queue = require('queue-fifo');\n\nconst queueResponseEncoderZ = new Queue();\n\nexport default queueResponseEncoderZ;\n"]},"_coverageSchema":"1a1c01bbd47fc00a2c39e90264f33305004495a9","hash":"62f0dff7189a7977deaebd98d2488245f993e80d","contentHash":"89be38dd6c53642496a12075b405dac3b0ff9345ba8dbbf6bfc9e09684499a12"},"C:\\Users\\ICTS\\Documents\\ProjetosICTS\\Motion Drive\\interface-cnc\\backend-cnc\\src\\Queue\\queueResponseAck.js":{"path":"C:\\Users\\ICTS\\Documents\\ProjetosICTS\\Motion Drive\\interface-cnc\\backend-cnc\\src\\Queue\\queueResponseAck.js","statementMap":{"0":{"start":{"line":3,"column":0},"end":{"line":5,"column":3}},"1":{"start":{"line":6,"column":12},"end":{"line":6,"column":33}},"2":{"start":{"line":8,"column":23},"end":{"line":8,"column":34}},"3":{"start":{"line":10,"column":0},"end":{"line":10,"column":35}}},"fnMap":{},"branchMap":{},"s":{"0":1,"1":1,"2":1,"3":1},"f":{},"b":{},"inputSourceMap":{"version":3,"sources":["queueResponseAck.js"],"names":["Queue","require","queueResponseAck"],"mappings":";;;;;AAAA,IAAIA,QAAQC,QAAQ,YAAR,CAAZ;;AAEA,IAAMC,mBAAmB,IAAIF,KAAJ,EAAzB;;kBAEeE,gB","file":"queueResponseAck.js","sourceRoot":"C:/Users/ICTS/Documents/ProjetosICTS/Motion Drive/interface-cnc/backend-cnc/src/Queue","sourcesContent":["let Queue = require('queue-fifo');\n\nconst queueResponseAck = new Queue();\n\nexport default queueResponseAck;\n"]},"_coverageSchema":"1a1c01bbd47fc00a2c39e90264f33305004495a9","hash":"db5eaade06531f53902f6059674944d1dcbe3d3e","contentHash":"e2bf7f3e5112c0a27568aad9795ef8478a8c9385225c64fdd30ae06f95d38293"},"C:\\Users\\ICTS\\Documents\\ProjetosICTS\\Motion Drive\\interface-cnc\\backend-cnc\\src\\cnc\\driver.js":{"path":"C:\\Users\\ICTS\\Documents\\ProjetosICTS\\Motion Drive\\interface-cnc\\backend-cnc\\src\\cnc\\driver.js","statementMap":{"0":{"start":{"line":3,"column":19},"end":{"line":3,"column":57}},"1":{"start":{"line":5,"column":20},"end":{"line":5,"column":56}},"2":{"start":{"line":7,"column":21},"end":{"line":7,"column":61}},"3":{"start":{"line":9,"column":22},"end":{"line":9,"column":60}},"4":{"start":{"line":11,"column":29},"end":{"line":11,"column":70}},"5":{"start":{"line":13,"column":30},"end":{"line":13,"column":76}},"6":{"start":{"line":15,"column":29},"end":{"line":15,"column":70}},"7":{"start":{"line":17,"column":30},"end":{"line":17,"column":76}},"8":{"start":{"line":19,"column":29},"end":{"line":19,"column":70}},"9":{"start":{"line":21,"column":30},"end":{"line":21,"column":76}},"10":{"start":{"line":23,"column":24},"end":{"line":23,"column":67}},"11":{"start":{"line":25,"column":25},"end":{"line":25,"column":66}},"12":{"start":{"line":27,"column":14},"end":{"line":27,"column":34}},"13":{"start":{"line":29,"column":39},"end":{"line":29,"column":93}},"14":{"start":{"line":31,"column":14},"end":{"line":31,"column":18}},"15":{"start":{"line":32,"column":17},"end":{"line":32,"column":21}},"16":{"start":{"line":33,"column":19},"end":{"line":33,"column":23}},"17":{"start":{"line":34,"column":15},"end":{"line":34,"column":19}},"18":{"start":{"line":35,"column":16},"end":{"line":35,"column":20}},"19":{"start":{"line":36,"column":14},"end":{"line":36,"column":18}},"20":{"start":{"line":37,"column":13},"end":{"line":37,"column":17}},"21":{"start":{"line":38,"column":14},"end":{"line":38,"column":18}},"22":{"start":{"line":39,"column":13},"end":{"line":39,"column":17}},"23":{"start":{"line":40,"column":18},"end":{"line":40,"column":22}},"24":{"start":{"line":41,"column":19},"end":{"line":41,"column":23}},"25":{"start":{"line":44,"column":12},"end":{"line":44,"column":15}},"26":{"start":{"line":45,"column":12},"end":{"line":45,"column":15}},"27":{"start":{"line":46,"column":12},"end":{"line":46,"column":15}},"28":{"start":{"line":47,"column":13},"end":{"line":47,"column":16}},"29":{"start":{"line":48,"column":15},"end":{"line":48,"column":18}},"30":{"start":{"line":49,"column":16},"end":{"line":49,"column":19}},"31":{"start":{"line":50,"column":13},"end":{"line":50,"column":16}},"32":{"start":{"line":51,"column":13},"end":{"line":51,"column":16}},"33":{"start":{"line":52,"column":15},"end":{"line":52,"column":18}},"34":{"start":{"line":53,"column":12},"end":{"line":53,"column":15}},"35":{"start":{"line":54,"column":14},"end":{"line":54,"column":17}},"36":{"start":{"line":55,"column":11},"end":{"line":55,"column":14}},"37":{"start":{"line":56,"column":15},"end":{"line":56,"column":18}},"38":{"start":{"line":59,"column":14},"end":{"line":59,"column":16}},"39":{"start":{"line":60,"column":14},"end":{"line":60,"column":16}},"40":{"start":{"line":61,"column":14},"end":{"line":61,"column":16}},"41":{"start":{"line":62,"column":17},"end":{"line":62,"column":19}},"42":{"start":{"line":63,"column":17},"end":{"line":63,"column":19}},"43":{"start":{"line":64,"column":17},"end":{"line":64,"column":19}},"44":{"start":{"line":65,"column":17},"end":{"line":65,"column":19}},"45":{"start":{"line":66,"column":17},"end":{"line":66,"column":19}},"46":{"start":{"line":67,"column":17},"end":{"line":67,"column":19}},"47":{"start":{"line":68,"column":17},"end":{"line":68,"column":19}},"48":{"start":{"line":69,"column":17},"end":{"line":69,"column":19}},"49":{"start":{"line":70,"column":17},"end":{"line":70,"column":19}},"50":{"start":{"line":73,"column":2},"end":{"line":73,"column":39}},"51":{"start":{"line":77,"column":2},"end":{"line":77,"column":39}},"52":{"start":{"line":81,"column":16},"end":{"line":81,"column":20}},"53":{"start":{"line":82,"column":16},"end":{"line":82,"column":20}},"54":{"start":{"line":83,"column":15},"end":{"line":83,"column":16}},"55":{"start":{"line":85,"column":2},"end":{"line":85,"column":31}},"56":{"start":{"line":85,"column":20},"end":{"line":85,"column":31}},"57":{"start":{"line":87,"column":2},"end":{"line":87,"column":31}},"58":{"start":{"line":87,"column":20},"end":{"line":87,"column":31}},"59":{"start":{"line":89,"column":2},"end":{"line":89,"column":31}},"60":{"start":{"line":89,"column":20},"end":{"line":89,"column":31}},"61":{"start":{"line":91,"column":2},"end":{"line":99,"column":3}},"62":{"start":{"line":93,"column":4},"end":{"line":93,"column":78}},"63":{"start":{"line":94,"column":4},"end":{"line":94,"column":34}},"64":{"start":{"line":97,"column":4},"end":{"line":97,"column":80}},"65":{"start":{"line":98,"column":4},"end":{"line":98,"column":34}},"66":{"start":{"line":100,"column":2},"end":{"line":100,"column":45}},"67":{"start":{"line":104,"column":2},"end":{"line":104,"column":26}},"68":{"start":{"line":108,"column":12},"end":{"line":108,"column":18}},"69":{"start":{"line":110,"column":2},"end":{"line":110,"column":30}},"70":{"start":{"line":111,"column":2},"end":{"line":111,"column":25}},"71":{"start":{"line":111,"column":12},"end":{"line":111,"column":25}},"72":{"start":{"line":113,"column":2},"end":{"line":113,"column":28}},"73":{"start":{"line":117,"column":15},"end":{"line":117,"column":19}},"74":{"start":{"line":118,"column":15},"end":{"line":118,"column":19}},"75":{"start":{"line":120,"column":2},"end":{"line":120,"column":26}},"76":{"start":{"line":121,"column":2},"end":{"line":121,"column":26}},"77":{"start":{"line":123,"column":12},"end":{"line":123,"column":56}},"78":{"start":{"line":124,"column":2},"end":{"line":124,"column":25}},"79":{"start":{"line":124,"column":12},"end":{"line":124,"column":25}},"80":{"start":{"line":126,"column":2},"end":{"line":126,"column":26}},"81":{"start":{"line":127,"column":2},"end":{"line":127,"column":26}},"82":{"start":{"line":129,"column":2},"end":{"line":129,"column":53}},"83":{"start":{"line":130,"column":2},"end":{"line":130,"column":25}},"84":{"start":{"line":130,"column":12},"end":{"line":130,"column":25}},"85":{"start":{"line":132,"column":2},"end":{"line":132,"column":26}},"86":{"start":{"line":133,"column":2},"end":{"line":133,"column":26}},"87":{"start":{"line":135,"column":2},"end":{"line":135,"column":53}},"88":{"start":{"line":136,"column":2},"end":{"line":136,"column":25}},"89":{"start":{"line":136,"column":12},"end":{"line":136,"column":25}},"90":{"start":{"line":138,"column":2},"end":{"line":138,"column":14}},"91":{"start":{"line":142,"column":15},"end":{"line":142,"column":26}},"92":{"start":{"line":143,"column":13},"end":{"line":143,"column":27}},"93":{"start":{"line":144,"column":15},"end":{"line":144,"column":17}},"94":{"start":{"line":145,"column":2},"end":{"line":145,"column":24}},"95":{"start":{"line":147,"column":12},"end":{"line":147,"column":41}},"96":{"start":{"line":148,"column":2},"end":{"line":148,"column":25}},"97":{"start":{"line":148,"column":12},"end":{"line":148,"column":25}},"98":{"start":{"line":150,"column":2},"end":{"line":150,"column":27}},"99":{"start":{"line":151,"column":2},"end":{"line":151,"column":25}},"100":{"start":{"line":151,"column":12},"end":{"line":151,"column":25}},"101":{"start":{"line":153,"column":2},"end":{"line":153,"column":31}},"102":{"start":{"line":154,"column":2},"end":{"line":154,"column":25}},"103":{"start":{"line":154,"column":12},"end":{"line":154,"column":25}},"104":{"start":{"line":156,"column":10},"end":{"line":156,"column":11}},"105":{"start":{"line":157,"column":2},"end":{"line":160,"column":3}},"106":{"start":{"line":158,"column":4},"end":{"line":158,"column":57}},"107":{"start":{"line":159,"column":4},"end":{"line":159,"column":27}},"108":{"start":{"line":159,"column":14},"end":{"line":159,"column":27}},"109":{"start":{"line":162,"column":2},"end":{"line":162,"column":27}},"110":{"start":{"line":163,"column":2},"end":{"line":163,"column":25}},"111":{"start":{"line":163,"column":12},"end":{"line":163,"column":25}},"112":{"start":{"line":165,"column":2},"end":{"line":165,"column":14}},"113":{"start":{"line":169,"column":15},"end":{"line":169,"column":17}},"114":{"start":{"line":170,"column":12},"end":{"line":170,"column":18}},"115":{"start":{"line":171,"column":10},"end":{"line":171,"column":11}},"116":{"start":{"line":173,"column":12},"end":{"line":173,"column":34}},"117":{"start":{"line":174,"column":2},"end":{"line":174,"column":25}},"118":{"start":{"line":174,"column":12},"end":{"line":174,"column":25}},"119":{"start":{"line":176,"column":2},"end":{"line":180,"column":3}},"120":{"start":{"line":177,"column":4},"end":{"line":177,"column":28}},"121":{"start":{"line":178,"column":4},"end":{"line":178,"column":21}},"122":{"start":{"line":179,"column":4},"end":{"line":179,"column":42}},"123":{"start":{"line":179,"column":36},"end":{"line":179,"column":42}},"124":{"start":{"line":182,"column":2},"end":{"line":182,"column":32}},"125":{"start":{"line":187,"column":12},"end":{"line":187,"column":34}},"126":{"start":{"line":188,"column":2},"end":{"line":188,"column":25}},"127":{"start":{"line":188,"column":12},"end":{"line":188,"column":25}},"128":{"start":{"line":190,"column":10},"end":{"line":190,"column":11}},"129":{"start":{"line":191,"column":2},"end":{"line":194,"column":3}},"130":{"start":{"line":192,"column":4},"end":{"line":192,"column":41}},"131":{"start":{"line":193,"column":4},"end":{"line":193,"column":27}},"132":{"start":{"line":193,"column":14},"end":{"line":193,"column":27}},"133":{"start":{"line":196,"column":2},"end":{"line":196,"column":27}},"134":{"start":{"line":197,"column":2},"end":{"line":197,"column":25}},"135":{"start":{"line":197,"column":12},"end":{"line":197,"column":25}},"136":{"start":{"line":199,"column":2},"end":{"line":199,"column":14}},"137":{"start":{"line":203,"column":12},"end":{"line":203,"column":14}},"138":{"start":{"line":205,"column":2},"end":{"line":205,"column":34}},"139":{"start":{"line":206,"column":2},"end":{"line":206,"column":34}},"140":{"start":{"line":207,"column":2},"end":{"line":207,"column":34}},"141":{"start":{"line":209,"column":2},"end":{"line":209,"column":13}},"142":{"start":{"line":213,"column":14},"end":{"line":213,"column":20}},"143":{"start":{"line":215,"column":2},"end":{"line":219,"column":3}},"144":{"start":{"line":216,"column":4},"end":{"line":216,"column":17}},"145":{"start":{"line":218,"column":4},"end":{"line":218,"column":17}},"146":{"start":{"line":221,"column":2},"end":{"line":221,"column":35}},"147":{"start":{"line":225,"column":2},"end":{"line":225,"column":25}},"148":{"start":{"line":229,"column":15},"end":{"line":229,"column":17}},"149":{"start":{"line":230,"column":12},"end":{"line":230,"column":18}},"150":{"start":{"line":232,"column":2},"end":{"line":232,"column":28}},"151":{"start":{"line":234,"column":10},"end":{"line":234,"column":11}},"152":{"start":{"line":235,"column":2},"end":{"line":240,"column":3}},"153":{"start":{"line":236,"column":4},"end":{"line":236,"column":36}},"154":{"start":{"line":236,"column":30},"end":{"line":236,"column":36}},"155":{"start":{"line":238,"column":4},"end":{"line":238,"column":56}},"156":{"start":{"line":239,"column":4},"end":{"line":239,"column":27}},"157":{"start":{"line":239,"column":14},"end":{"line":239,"column":27}},"158":{"start":{"line":241,"column":2},"end":{"line":241,"column":14}},"159":{"start":{"line":246,"column":15},"end":{"line":246,"column":33}},"160":{"start":{"line":247,"column":15},"end":{"line":247,"column":33}},"161":{"start":{"line":249,"column":2},"end":{"line":249,"column":32}},"162":{"start":{"line":250,"column":2},"end":{"line":250,"column":32}},"163":{"start":{"line":252,"column":2},"end":{"line":252,"column":32}},"164":{"start":{"line":253,"column":2},"end":{"line":253,"column":32}},"165":{"start":{"line":255,"column":2},"end":{"line":255,"column":32}},"166":{"start":{"line":256,"column":2},"end":{"line":256,"column":32}},"167":{"start":{"line":258,"column":12},"end":{"line":258,"column":18}},"168":{"start":{"line":260,"column":2},"end":{"line":303,"column":3}},"169":{"start":{"line":262,"column":6},"end":{"line":262,"column":66}},"170":{"start":{"line":263,"column":6},"end":{"line":263,"column":29}},"171":{"start":{"line":263,"column":16},"end":{"line":263,"column":29}},"172":{"start":{"line":265,"column":6},"end":{"line":265,"column":66}},"173":{"start":{"line":266,"column":6},"end":{"line":266,"column":29}},"174":{"start":{"line":266,"column":16},"end":{"line":266,"column":29}},"175":{"start":{"line":268,"column":6},"end":{"line":268,"column":66}},"176":{"start":{"line":269,"column":6},"end":{"line":269,"column":29}},"177":{"start":{"line":269,"column":16},"end":{"line":269,"column":29}},"178":{"start":{"line":271,"column":6},"end":{"line":271,"column":31}},"179":{"start":{"line":272,"column":6},"end":{"line":272,"column":29}},"180":{"start":{"line":272,"column":16},"end":{"line":272,"column":29}},"181":{"start":{"line":274,"column":6},"end":{"line":274,"column":12}},"182":{"start":{"line":276,"column":6},"end":{"line":276,"column":66}},"183":{"start":{"line":277,"column":6},"end":{"line":277,"column":29}},"184":{"start":{"line":277,"column":16},"end":{"line":277,"column":29}},"185":{"start":{"line":279,"column":6},"end":{"line":279,"column":66}},"186":{"start":{"line":280,"column":6},"end":{"line":280,"column":29}},"187":{"start":{"line":280,"column":16},"end":{"line":280,"column":29}},"188":{"start":{"line":282,"column":6},"end":{"line":282,"column":66}},"189":{"start":{"line":283,"column":6},"end":{"line":283,"column":29}},"190":{"start":{"line":283,"column":16},"end":{"line":283,"column":29}},"191":{"start":{"line":285,"column":6},"end":{"line":285,"column":31}},"192":{"start":{"line":286,"column":6},"end":{"line":286,"column":29}},"193":{"start":{"line":286,"column":16},"end":{"line":286,"column":29}},"194":{"start":{"line":288,"column":6},"end":{"line":288,"column":12}},"195":{"start":{"line":290,"column":6},"end":{"line":290,"column":66}},"196":{"start":{"line":291,"column":6},"end":{"line":291,"column":29}},"197":{"start":{"line":291,"column":16},"end":{"line":291,"column":29}},"198":{"start":{"line":293,"column":6},"end":{"line":293,"column":66}},"199":{"start":{"line":294,"column":6},"end":{"line":294,"column":29}},"200":{"start":{"line":294,"column":16},"end":{"line":294,"column":29}},"201":{"start":{"line":296,"column":6},"end":{"line":296,"column":66}},"202":{"start":{"line":297,"column":6},"end":{"line":297,"column":29}},"203":{"start":{"line":297,"column":16},"end":{"line":297,"column":29}},"204":{"start":{"line":299,"column":6},"end":{"line":299,"column":31}},"205":{"start":{"line":300,"column":6},"end":{"line":300,"column":29}},"206":{"start":{"line":300,"column":16},"end":{"line":300,"column":29}},"207":{"start":{"line":302,"column":6},"end":{"line":302,"column":12}},"208":{"start":{"line":305,"column":2},"end":{"line":305,"column":14}},"209":{"start":{"line":312,"column":16},"end":{"line":312,"column":18}},"210":{"start":{"line":313,"column":16},"end":{"line":313,"column":18}},"211":{"start":{"line":314,"column":16},"end":{"line":314,"column":18}},"212":{"start":{"line":315,"column":15},"end":{"line":315,"column":17}},"213":{"start":{"line":316,"column":10},"end":{"line":316,"column":11}},"214":{"start":{"line":317,"column":10},"end":{"line":317,"column":11}},"215":{"start":{"line":319,"column":2},"end":{"line":325,"column":3}},"216":{"start":{"line":320,"column":14},"end":{"line":320,"column":21}},"217":{"start":{"line":321,"column":4},"end":{"line":324,"column":5}},"218":{"start":{"line":322,"column":6},"end":{"line":322,"column":21}},"219":{"start":{"line":323,"column":6},"end":{"line":323,"column":25}},"220":{"start":{"line":327,"column":2},"end":{"line":575,"column":3}},"221":{"start":{"line":328,"column":4},"end":{"line":574,"column":5}},"222":{"start":{"line":330,"column":8},"end":{"line":390,"column":9}},"223":{"start":{"line":331,"column":10},"end":{"line":331,"column":38}},"224":{"start":{"line":332,"column":10},"end":{"line":332,"column":29}},"225":{"start":{"line":333,"column":15},"end":{"line":390,"column":9}},"226":{"start":{"line":334,"column":10},"end":{"line":334,"column":43}},"227":{"start":{"line":335,"column":10},"end":{"line":335,"column":29}},"228":{"start":{"line":337,"column":19},"end":{"line":337,"column":20}},"229":{"start":{"line":338,"column":22},"end":{"line":338,"column":24}},"230":{"start":{"line":339,"column":20},"end":{"line":339,"column":26}},"231":{"start":{"line":340,"column":10},"end":{"line":342,"column":11}},"232":{"start":{"line":341,"column":12},"end":{"line":341,"column":38}},"233":{"start":{"line":344,"column":10},"end":{"line":353,"column":11}},"234":{"start":{"line":345,"column":12},"end":{"line":352,"column":13}},"235":{"start":{"line":346,"column":14},"end":{"line":346,"column":46}},"236":{"start":{"line":347,"column":14},"end":{"line":347,"column":33}},"237":{"start":{"line":349,"column":14},"end":{"line":349,"column":35}},"238":{"start":{"line":350,"column":14},"end":{"line":350,"column":46}},"239":{"start":{"line":351,"column":14},"end":{"line":351,"column":33}},"240":{"start":{"line":354,"column":10},"end":{"line":363,"column":11}},"241":{"start":{"line":355,"column":12},"end":{"line":362,"column":13}},"242":{"start":{"line":356,"column":14},"end":{"line":356,"column":46}},"243":{"start":{"line":357,"column":14},"end":{"line":357,"column":33}},"244":{"start":{"line":359,"column":14},"end":{"line":359,"column":35}},"245":{"start":{"line":360,"column":14},"end":{"line":360,"column":46}},"246":{"start":{"line":361,"column":14},"end":{"line":361,"column":33}},"247":{"start":{"line":364,"column":10},"end":{"line":373,"column":11}},"248":{"start":{"line":365,"column":12},"end":{"line":372,"column":13}},"249":{"start":{"line":366,"column":14},"end":{"line":366,"column":46}},"250":{"start":{"line":367,"column":14},"end":{"line":367,"column":33}},"251":{"start":{"line":369,"column":14},"end":{"line":369,"column":35}},"252":{"start":{"line":370,"column":14},"end":{"line":370,"column":46}},"253":{"start":{"line":371,"column":14},"end":{"line":371,"column":33}},"254":{"start":{"line":374,"column":10},"end":{"line":377,"column":11}},"255":{"start":{"line":375,"column":12},"end":{"line":375,"column":72}},"256":{"start":{"line":376,"column":12},"end":{"line":376,"column":42}},"257":{"start":{"line":378,"column":10},"end":{"line":381,"column":11}},"258":{"start":{"line":379,"column":12},"end":{"line":379,"column":72}},"259":{"start":{"line":380,"column":12},"end":{"line":380,"column":42}},"260":{"start":{"line":382,"column":10},"end":{"line":385,"column":11}},"261":{"start":{"line":383,"column":12},"end":{"line":383,"column":72}},"262":{"start":{"line":384,"column":12},"end":{"line":384,"column":42}},"263":{"start":{"line":386,"column":10},"end":{"line":389,"column":11}},"264":{"start":{"line":387,"column":12},"end":{"line":387,"column":41}},"265":{"start":{"line":388,"column":12},"end":{"line":388,"column":31}},"266":{"start":{"line":391,"column":8},"end":{"line":391,"column":14}},"267":{"start":{"line":393,"column":8},"end":{"line":423,"column":9}},"268":{"start":{"line":394,"column":10},"end":{"line":394,"column":38}},"269":{"start":{"line":395,"column":10},"end":{"line":395,"column":29}},"270":{"start":{"line":396,"column":15},"end":{"line":423,"column":9}},"271":{"start":{"line":397,"column":10},"end":{"line":397,"column":43}},"272":{"start":{"line":398,"column":10},"end":{"line":398,"column":29}},"273":{"start":{"line":401,"column":20},"end":{"line":401,"column":21}},"274":{"start":{"line":402,"column":23},"end":{"line":402,"column":25}},"275":{"start":{"line":403,"column":10},"end":{"line":405,"column":11}},"276":{"start":{"line":404,"column":12},"end":{"line":404,"column":40}},"277":{"start":{"line":407,"column":10},"end":{"line":410,"column":11}},"278":{"start":{"line":408,"column":12},"end":{"line":408,"column":77}},"279":{"start":{"line":409,"column":12},"end":{"line":409,"column":43}},"280":{"start":{"line":411,"column":10},"end":{"line":414,"column":11}},"281":{"start":{"line":412,"column":12},"end":{"line":412,"column":77}},"282":{"start":{"line":413,"column":12},"end":{"line":413,"column":43}},"283":{"start":{"line":415,"column":10},"end":{"line":418,"column":11}},"284":{"start":{"line":416,"column":12},"end":{"line":416,"column":77}},"285":{"start":{"line":417,"column":12},"end":{"line":417,"column":43}},"286":{"start":{"line":419,"column":10},"end":{"line":422,"column":11}},"287":{"start":{"line":420,"column":12},"end":{"line":420,"column":41}},"288":{"start":{"line":421,"column":12},"end":{"line":421,"column":31}},"289":{"start":{"line":424,"column":8},"end":{"line":424,"column":14}},"290":{"start":{"line":426,"column":8},"end":{"line":486,"column":9}},"291":{"start":{"line":427,"column":10},"end":{"line":427,"column":38}},"292":{"start":{"line":428,"column":10},"end":{"line":428,"column":29}},"293":{"start":{"line":429,"column":15},"end":{"line":486,"column":9}},"294":{"start":{"line":430,"column":10},"end":{"line":430,"column":43}},"295":{"start":{"line":431,"column":10},"end":{"line":431,"column":29}},"296":{"start":{"line":433,"column":20},"end":{"line":433,"column":21}},"297":{"start":{"line":434,"column":23},"end":{"line":434,"column":25}},"298":{"start":{"line":435,"column":21},"end":{"line":435,"column":27}},"299":{"start":{"line":436,"column":10},"end":{"line":438,"column":11}},"300":{"start":{"line":437,"column":12},"end":{"line":437,"column":40}},"301":{"start":{"line":440,"column":10},"end":{"line":449,"column":11}},"302":{"start":{"line":441,"column":12},"end":{"line":448,"column":13}},"303":{"start":{"line":442,"column":14},"end":{"line":442,"column":46}},"304":{"start":{"line":443,"column":14},"end":{"line":443,"column":33}},"305":{"start":{"line":445,"column":14},"end":{"line":445,"column":37}},"306":{"start":{"line":446,"column":14},"end":{"line":446,"column":46}},"307":{"start":{"line":447,"column":14},"end":{"line":447,"column":33}},"308":{"start":{"line":450,"column":10},"end":{"line":459,"column":11}},"309":{"start":{"line":451,"column":12},"end":{"line":458,"column":13}},"310":{"start":{"line":452,"column":14},"end":{"line":452,"column":46}},"311":{"start":{"line":453,"column":14},"end":{"line":453,"column":33}},"312":{"start":{"line":455,"column":14},"end":{"line":455,"column":37}},"313":{"start":{"line":456,"column":14},"end":{"line":456,"column":46}},"314":{"start":{"line":457,"column":14},"end":{"line":457,"column":33}},"315":{"start":{"line":460,"column":10},"end":{"line":469,"column":11}},"316":{"start":{"line":461,"column":12},"end":{"line":468,"column":13}},"317":{"start":{"line":462,"column":14},"end":{"line":462,"column":46}},"318":{"start":{"line":463,"column":14},"end":{"line":463,"column":33}},"319":{"start":{"line":465,"column":14},"end":{"line":465,"column":37}},"320":{"start":{"line":466,"column":14},"end":{"line":466,"column":46}},"321":{"start":{"line":467,"column":14},"end":{"line":467,"column":33}},"322":{"start":{"line":470,"column":10},"end":{"line":473,"column":11}},"323":{"start":{"line":471,"column":12},"end":{"line":471,"column":73}},"324":{"start":{"line":472,"column":12},"end":{"line":472,"column":43}},"325":{"start":{"line":474,"column":10},"end":{"line":477,"column":11}},"326":{"start":{"line":475,"column":12},"end":{"line":475,"column":73}},"327":{"start":{"line":476,"column":12},"end":{"line":476,"column":43}},"328":{"start":{"line":478,"column":10},"end":{"line":481,"column":11}},"329":{"start":{"line":479,"column":12},"end":{"line":479,"column":73}},"330":{"start":{"line":480,"column":12},"end":{"line":480,"column":43}},"331":{"start":{"line":482,"column":10},"end":{"line":485,"column":11}},"332":{"start":{"line":483,"column":12},"end":{"line":483,"column":41}},"333":{"start":{"line":484,"column":12},"end":{"line":484,"column":31}},"334":{"start":{"line":487,"column":8},"end":{"line":487,"column":14}},"335":{"start":{"line":490,"column":8},"end":{"line":520,"column":9}},"336":{"start":{"line":491,"column":10},"end":{"line":491,"column":38}},"337":{"start":{"line":492,"column":10},"end":{"line":492,"column":29}},"338":{"start":{"line":493,"column":15},"end":{"line":520,"column":9}},"339":{"start":{"line":494,"column":10},"end":{"line":494,"column":43}},"340":{"start":{"line":495,"column":10},"end":{"line":495,"column":29}},"341":{"start":{"line":498,"column":18},"end":{"line":498,"column":19}},"342":{"start":{"line":499,"column":23},"end":{"line":499,"column":25}},"343":{"start":{"line":500,"column":10},"end":{"line":502,"column":11}},"344":{"start":{"line":501,"column":12},"end":{"line":501,"column":38}},"345":{"start":{"line":504,"column":10},"end":{"line":507,"column":11}},"346":{"start":{"line":505,"column":12},"end":{"line":505,"column":77}},"347":{"start":{"line":506,"column":12},"end":{"line":506,"column":43}},"348":{"start":{"line":508,"column":10},"end":{"line":511,"column":11}},"349":{"start":{"line":509,"column":12},"end":{"line":509,"column":77}},"350":{"start":{"line":510,"column":12},"end":{"line":510,"column":43}},"351":{"start":{"line":512,"column":10},"end":{"line":515,"column":11}},"352":{"start":{"line":513,"column":12},"end":{"line":513,"column":77}},"353":{"start":{"line":514,"column":12},"end":{"line":514,"column":43}},"354":{"start":{"line":516,"column":10},"end":{"line":519,"column":11}},"355":{"start":{"line":517,"column":12},"end":{"line":517,"column":41}},"356":{"start":{"line":518,"column":12},"end":{"line":518,"column":31}},"357":{"start":{"line":521,"column":8},"end":{"line":521,"column":14}},"358":{"start":{"line":524,"column":8},"end":{"line":524,"column":63}},"359":{"start":{"line":525,"column":8},"end":{"line":525,"column":39}},"360":{"start":{"line":526,"column":8},"end":{"line":526,"column":14}},"361":{"start":{"line":528,"column":8},"end":{"line":528,"column":65}},"362":{"start":{"line":529,"column":8},"end":{"line":529,"column":27}},"363":{"start":{"line":530,"column":8},"end":{"line":530,"column":14}},"364":{"start":{"line":532,"column":8},"end":{"line":532,"column":59}},"365":{"start":{"line":533,"column":8},"end":{"line":533,"column":27}},"366":{"start":{"line":534,"column":8},"end":{"line":534,"column":14}},"367":{"start":{"line":536,"column":19},"end":{"line":536,"column":21}},"368":{"start":{"line":537,"column":20},"end":{"line":537,"column":26}},"369":{"start":{"line":538,"column":8},"end":{"line":540,"column":9}},"370":{"start":{"line":539,"column":10},"end":{"line":539,"column":34}},"371":{"start":{"line":542,"column":8},"end":{"line":542,"column":48}},"372":{"start":{"line":544,"column":8},"end":{"line":544,"column":71}},"373":{"start":{"line":545,"column":8},"end":{"line":545,"column":27}},"374":{"start":{"line":546,"column":8},"end":{"line":546,"column":14}},"375":{"start":{"line":549,"column":17},"end":{"line":549,"column":18}},"376":{"start":{"line":550,"column":18},"end":{"line":550,"column":20}},"377":{"start":{"line":551,"column":8},"end":{"line":553,"column":9}},"378":{"start":{"line":552,"column":10},"end":{"line":552,"column":34}},"379":{"start":{"line":555,"column":8},"end":{"line":558,"column":9}},"380":{"start":{"line":556,"column":10},"end":{"line":556,"column":69}},"381":{"start":{"line":557,"column":10},"end":{"line":557,"column":38}},"382":{"start":{"line":560,"column":8},"end":{"line":563,"column":9}},"383":{"start":{"line":561,"column":10},"end":{"line":561,"column":69}},"384":{"start":{"line":562,"column":10},"end":{"line":562,"column":38}},"385":{"start":{"line":565,"column":8},"end":{"line":568,"column":9}},"386":{"start":{"line":566,"column":10},"end":{"line":566,"column":69}},"387":{"start":{"line":567,"column":10},"end":{"line":567,"column":38}},"388":{"start":{"line":569,"column":8},"end":{"line":569,"column":14}},"389":{"start":{"line":572,"column":8},"end":{"line":572,"column":27}},"390":{"start":{"line":573,"column":8},"end":{"line":573,"column":27}},"391":{"start":{"line":576,"column":2},"end":{"line":576,"column":21}},"392":{"start":{"line":577,"column":2},"end":{"line":577,"column":21}},"393":{"start":{"line":580,"column":2},"end":{"line":580,"column":28}},"394":{"start":{"line":584,"column":17},"end":{"line":589,"column":3}},"395":{"start":{"line":590,"column":2},"end":{"line":590,"column":23}},"396":{"start":{"line":591,"column":2},"end":{"line":591,"column":39}},"397":{"start":{"line":593,"column":13},"end":{"line":593,"column":22}},"398":{"start":{"line":594,"column":17},"end":{"line":594,"column":22}},"399":{"start":{"line":595,"column":17},"end":{"line":595,"column":18}},"400":{"start":{"line":596,"column":18},"end":{"line":596,"column":19}},"401":{"start":{"line":598,"column":15},"end":{"line":598,"column":24}},"402":{"start":{"line":599,"column":19},"end":{"line":599,"column":24}},"403":{"start":{"line":600,"column":19},"end":{"line":600,"column":20}},"404":{"start":{"line":601,"column":20},"end":{"line":601,"column":21}},"405":{"start":{"line":603,"column":11},"end":{"line":603,"column":20}},"406":{"start":{"line":604,"column":12},"end":{"line":604,"column":21}},"407":{"start":{"line":605,"column":15},"end":{"line":605,"column":20}},"408":{"start":{"line":606,"column":15},"end":{"line":606,"column":16}},"409":{"start":{"line":607,"column":16},"end":{"line":607,"column":17}},"410":{"start":{"line":609,"column":12},"end":{"line":609,"column":21}},"411":{"start":{"line":610,"column":16},"end":{"line":610,"column":21}},"412":{"start":{"line":611,"column":16},"end":{"line":611,"column":17}},"413":{"start":{"line":612,"column":17},"end":{"line":612,"column":18}},"414":{"start":{"line":614,"column":10},"end":{"line":614,"column":11}},"415":{"start":{"line":615,"column":2},"end":{"line":1076,"column":3}},"416":{"start":{"line":616,"column":15},"end":{"line":616,"column":25}},"417":{"start":{"line":617,"column":15},"end":{"line":617,"column":25}},"418":{"start":{"line":618,"column":17},"end":{"line":618,"column":33}},"419":{"start":{"line":620,"column":14},"end":{"line":620,"column":15}},"420":{"start":{"line":621,"column":16},"end":{"line":621,"column":22}},"421":{"start":{"line":622,"column":16},"end":{"line":622,"column":22}},"422":{"start":{"line":623,"column":14},"end":{"line":623,"column":19}},"423":{"start":{"line":624,"column":21},"end":{"line":624,"column":26}},"424":{"start":{"line":626,"column":4},"end":{"line":1075,"column":5}},"425":{"start":{"line":628,"column":8},"end":{"line":628,"column":51}},"426":{"start":{"line":629,"column":8},"end":{"line":629,"column":14}},"427":{"start":{"line":632,"column":8},"end":{"line":632,"column":48}},"428":{"start":{"line":633,"column":8},"end":{"line":633,"column":14}},"429":{"start":{"line":636,"column":8},"end":{"line":636,"column":46}},"430":{"start":{"line":637,"column":8},"end":{"line":637,"column":36}},"431":{"start":{"line":638,"column":8},"end":{"line":638,"column":76}},"432":{"start":{"line":639,"column":8},"end":{"line":639,"column":14}},"433":{"start":{"line":642,"column":19},"end":{"line":642,"column":38}},"434":{"start":{"line":643,"column":18},"end":{"line":643,"column":41}},"435":{"start":{"line":644,"column":8},"end":{"line":644,"column":36}},"436":{"start":{"line":646,"column":8},"end":{"line":652,"column":9}},"437":{"start":{"line":647,"column":10},"end":{"line":647,"column":48}},"438":{"start":{"line":648,"column":10},"end":{"line":648,"column":44}},"439":{"start":{"line":649,"column":15},"end":{"line":652,"column":9}},"440":{"start":{"line":650,"column":10},"end":{"line":650,"column":51}},"441":{"start":{"line":651,"column":10},"end":{"line":651,"column":47}},"442":{"start":{"line":653,"column":8},"end":{"line":653,"column":14}},"443":{"start":{"line":656,"column":20},"end":{"line":656,"column":39}},"444":{"start":{"line":657,"column":20},"end":{"line":657,"column":43}},"445":{"start":{"line":658,"column":8},"end":{"line":658,"column":36}},"446":{"start":{"line":660,"column":8},"end":{"line":666,"column":9}},"447":{"start":{"line":661,"column":10},"end":{"line":661,"column":76}},"448":{"start":{"line":662,"column":10},"end":{"line":662,"column":50}},"449":{"start":{"line":664,"column":10},"end":{"line":664,"column":77}},"450":{"start":{"line":665,"column":10},"end":{"line":665,"column":50}},"451":{"start":{"line":667,"column":8},"end":{"line":667,"column":14}},"452":{"start":{"line":670,"column":18},"end":{"line":670,"column":37}},"453":{"start":{"line":671,"column":8},"end":{"line":671,"column":41}},"454":{"start":{"line":672,"column":8},"end":{"line":672,"column":25}},"455":{"start":{"line":673,"column":8},"end":{"line":673,"column":14}},"456":{"start":{"line":676,"column":8},"end":{"line":676,"column":41}},"457":{"start":{"line":677,"column":8},"end":{"line":677,"column":50}},"458":{"start":{"line":678,"column":8},"end":{"line":678,"column":38}},"459":{"start":{"line":679,"column":8},"end":{"line":679,"column":26}},"460":{"start":{"line":680,"column":8},"end":{"line":680,"column":36}},"461":{"start":{"line":682,"column":8},"end":{"line":682,"column":17}},"462":{"start":{"line":683,"column":8},"end":{"line":685,"column":9}},"463":{"start":{"line":684,"column":10},"end":{"line":684,"column":25}},"464":{"start":{"line":686,"column":8},"end":{"line":686,"column":20}},"465":{"start":{"line":688,"column":8},"end":{"line":787,"column":9}},"466":{"start":{"line":689,"column":10},"end":{"line":786,"column":11}},"467":{"start":{"line":692,"column":14},"end":{"line":723,"column":15}},"468":{"start":{"line":693,"column":16},"end":{"line":693,"column":38}},"469":{"start":{"line":694,"column":16},"end":{"line":694,"column":38}},"470":{"start":{"line":696,"column":16},"end":{"line":696,"column":49}},"471":{"start":{"line":697,"column":16},"end":{"line":697,"column":58}},"472":{"start":{"line":698,"column":16},"end":{"line":698,"column":47}},"473":{"start":{"line":700,"column":16},"end":{"line":719,"column":17}},"474":{"start":{"line":701,"column":18},"end":{"line":701,"column":40}},"475":{"start":{"line":702,"column":18},"end":{"line":702,"column":40}},"476":{"start":{"line":703,"column":18},"end":{"line":703,"column":51}},"477":{"start":{"line":704,"column":18},"end":{"line":704,"column":60}},"478":{"start":{"line":705,"column":18},"end":{"line":705,"column":49}},"479":{"start":{"line":706,"column":18},"end":{"line":712,"column":19}},"480":{"start":{"line":707,"column":20},"end":{"line":707,"column":31}},"481":{"start":{"line":708,"column":20},"end":{"line":708,"column":34}},"482":{"start":{"line":709,"column":20},"end":{"line":709,"column":31}},"483":{"start":{"line":710,"column":20},"end":{"line":710,"column":32}},"484":{"start":{"line":711,"column":20},"end":{"line":711,"column":80}},"485":{"start":{"line":713,"column":23},"end":{"line":719,"column":17}},"486":{"start":{"line":714,"column":18},"end":{"line":714,"column":29}},"487":{"start":{"line":715,"column":18},"end":{"line":715,"column":32}},"488":{"start":{"line":716,"column":18},"end":{"line":716,"column":29}},"489":{"start":{"line":717,"column":18},"end":{"line":717,"column":30}},"490":{"start":{"line":718,"column":18},"end":{"line":718,"column":78}},"491":{"start":{"line":720,"column":21},"end":{"line":723,"column":15}},"492":{"start":{"line":721,"column":16},"end":{"line":721,"column":27}},"493":{"start":{"line":722,"column":16},"end":{"line":722,"column":76}},"494":{"start":{"line":725,"column":14},"end":{"line":737,"column":15}},"495":{"start":{"line":726,"column":16},"end":{"line":736,"column":17}},"496":{"start":{"line":727,"column":18},"end":{"line":727,"column":100}},"497":{"start":{"line":728,"column":18},"end":{"line":728,"column":69}},"498":{"start":{"line":729,"column":18},"end":{"line":729,"column":60}},"499":{"start":{"line":730,"column":18},"end":{"line":730,"column":60}},"500":{"start":{"line":732,"column":18},"end":{"line":732,"column":94}},"501":{"start":{"line":733,"column":18},"end":{"line":733,"column":63}},"502":{"start":{"line":734,"column":18},"end":{"line":734,"column":54}},"503":{"start":{"line":735,"column":18},"end":{"line":735,"column":54}},"504":{"start":{"line":738,"column":14},"end":{"line":738,"column":20}},"505":{"start":{"line":742,"column":14},"end":{"line":759,"column":15}},"506":{"start":{"line":743,"column":16},"end":{"line":743,"column":38}},"507":{"start":{"line":744,"column":16},"end":{"line":744,"column":38}},"508":{"start":{"line":745,"column":16},"end":{"line":745,"column":49}},"509":{"start":{"line":746,"column":16},"end":{"line":746,"column":58}},"510":{"start":{"line":747,"column":16},"end":{"line":747,"column":47}},"511":{"start":{"line":749,"column":16},"end":{"line":755,"column":17}},"512":{"start":{"line":750,"column":18},"end":{"line":750,"column":29}},"513":{"start":{"line":751,"column":18},"end":{"line":751,"column":32}},"514":{"start":{"line":752,"column":18},"end":{"line":752,"column":29}},"515":{"start":{"line":753,"column":18},"end":{"line":753,"column":30}},"516":{"start":{"line":754,"column":18},"end":{"line":754,"column":78}},"517":{"start":{"line":756,"column":21},"end":{"line":759,"column":15}},"518":{"start":{"line":757,"column":16},"end":{"line":757,"column":27}},"519":{"start":{"line":758,"column":16},"end":{"line":758,"column":76}},"520":{"start":{"line":761,"column":14},"end":{"line":771,"column":15}},"521":{"start":{"line":762,"column":16},"end":{"line":770,"column":17}},"522":{"start":{"line":763,"column":18},"end":{"line":763,"column":99}},"523":{"start":{"line":764,"column":18},"end":{"line":764,"column":68}},"524":{"start":{"line":765,"column":18},"end":{"line":765,"column":59}},"525":{"start":{"line":767,"column":18},"end":{"line":767,"column":94}},"526":{"start":{"line":768,"column":18},"end":{"line":768,"column":63}},"527":{"start":{"line":769,"column":18},"end":{"line":769,"column":54}},"528":{"start":{"line":772,"column":14},"end":{"line":772,"column":20}},"529":{"start":{"line":776,"column":14},"end":{"line":784,"column":15}},"530":{"start":{"line":777,"column":16},"end":{"line":783,"column":17}},"531":{"start":{"line":778,"column":18},"end":{"line":778,"column":99}},"532":{"start":{"line":779,"column":18},"end":{"line":779,"column":68}},"533":{"start":{"line":781,"column":18},"end":{"line":781,"column":94}},"534":{"start":{"line":782,"column":18},"end":{"line":782,"column":63}},"535":{"start":{"line":785,"column":14},"end":{"line":785,"column":20}},"536":{"start":{"line":788,"column":8},"end":{"line":788,"column":14}},"537":{"start":{"line":791,"column":8},"end":{"line":791,"column":41}},"538":{"start":{"line":792,"column":8},"end":{"line":792,"column":50}},"539":{"start":{"line":793,"column":8},"end":{"line":793,"column":42}},"540":{"start":{"line":794,"column":8},"end":{"line":794,"column":30}},"541":{"start":{"line":795,"column":8},"end":{"line":795,"column":36}},"542":{"start":{"line":797,"column":8},"end":{"line":797,"column":21}},"543":{"start":{"line":798,"column":8},"end":{"line":800,"column":9}},"544":{"start":{"line":799,"column":10},"end":{"line":799,"column":29}},"545":{"start":{"line":801,"column":8},"end":{"line":801,"column":20}},"546":{"start":{"line":803,"column":8},"end":{"line":902,"column":9}},"547":{"start":{"line":804,"column":10},"end":{"line":901,"column":11}},"548":{"start":{"line":807,"column":14},"end":{"line":838,"column":15}},"549":{"start":{"line":808,"column":16},"end":{"line":808,"column":38}},"550":{"start":{"line":809,"column":16},"end":{"line":809,"column":38}},"551":{"start":{"line":811,"column":16},"end":{"line":811,"column":49}},"552":{"start":{"line":812,"column":16},"end":{"line":812,"column":58}},"553":{"start":{"line":813,"column":16},"end":{"line":813,"column":38}},"554":{"start":{"line":815,"column":16},"end":{"line":834,"column":17}},"555":{"start":{"line":816,"column":18},"end":{"line":816,"column":40}},"556":{"start":{"line":817,"column":18},"end":{"line":817,"column":40}},"557":{"start":{"line":818,"column":18},"end":{"line":818,"column":51}},"558":{"start":{"line":819,"column":18},"end":{"line":819,"column":60}},"559":{"start":{"line":820,"column":18},"end":{"line":820,"column":40}},"560":{"start":{"line":821,"column":18},"end":{"line":827,"column":19}},"561":{"start":{"line":822,"column":20},"end":{"line":822,"column":31}},"562":{"start":{"line":823,"column":20},"end":{"line":823,"column":38}},"563":{"start":{"line":824,"column":20},"end":{"line":824,"column":35}},"564":{"start":{"line":825,"column":20},"end":{"line":825,"column":36}},"565":{"start":{"line":826,"column":20},"end":{"line":826,"column":80}},"566":{"start":{"line":828,"column":23},"end":{"line":834,"column":17}},"567":{"start":{"line":829,"column":18},"end":{"line":829,"column":29}},"568":{"start":{"line":830,"column":18},"end":{"line":830,"column":36}},"569":{"start":{"line":831,"column":18},"end":{"line":831,"column":33}},"570":{"start":{"line":832,"column":18},"end":{"line":832,"column":34}},"571":{"start":{"line":833,"column":18},"end":{"line":833,"column":78}},"572":{"start":{"line":835,"column":21},"end":{"line":838,"column":15}},"573":{"start":{"line":836,"column":16},"end":{"line":836,"column":27}},"574":{"start":{"line":837,"column":16},"end":{"line":837,"column":76}},"575":{"start":{"line":840,"column":14},"end":{"line":852,"column":15}},"576":{"start":{"line":841,"column":16},"end":{"line":851,"column":17}},"577":{"start":{"line":842,"column":18},"end":{"line":842,"column":103}},"578":{"start":{"line":843,"column":18},"end":{"line":843,"column":67}},"579":{"start":{"line":844,"column":18},"end":{"line":844,"column":67}},"580":{"start":{"line":845,"column":18},"end":{"line":845,"column":67}},"581":{"start":{"line":847,"column":18},"end":{"line":847,"column":98}},"582":{"start":{"line":848,"column":18},"end":{"line":848,"column":62}},"583":{"start":{"line":849,"column":18},"end":{"line":849,"column":62}},"584":{"start":{"line":850,"column":18},"end":{"line":850,"column":62}},"585":{"start":{"line":853,"column":14},"end":{"line":853,"column":20}},"586":{"start":{"line":857,"column":14},"end":{"line":874,"column":15}},"587":{"start":{"line":858,"column":16},"end":{"line":858,"column":38}},"588":{"start":{"line":859,"column":16},"end":{"line":859,"column":38}},"589":{"start":{"line":860,"column":16},"end":{"line":860,"column":49}},"590":{"start":{"line":861,"column":16},"end":{"line":861,"column":58}},"591":{"start":{"line":862,"column":16},"end":{"line":862,"column":38}},"592":{"start":{"line":864,"column":16},"end":{"line":870,"column":17}},"593":{"start":{"line":865,"column":18},"end":{"line":865,"column":29}},"594":{"start":{"line":866,"column":18},"end":{"line":866,"column":36}},"595":{"start":{"line":867,"column":18},"end":{"line":867,"column":33}},"596":{"start":{"line":868,"column":18},"end":{"line":868,"column":34}},"597":{"start":{"line":869,"column":18},"end":{"line":869,"column":78}},"598":{"start":{"line":871,"column":21},"end":{"line":874,"column":15}},"599":{"start":{"line":872,"column":16},"end":{"line":872,"column":27}},"600":{"start":{"line":873,"column":16},"end":{"line":873,"column":76}},"601":{"start":{"line":876,"column":14},"end":{"line":886,"column":15}},"602":{"start":{"line":877,"column":16},"end":{"line":885,"column":17}},"603":{"start":{"line":878,"column":18},"end":{"line":878,"column":103}},"604":{"start":{"line":879,"column":18},"end":{"line":879,"column":67}},"605":{"start":{"line":880,"column":18},"end":{"line":880,"column":67}},"606":{"start":{"line":882,"column":18},"end":{"line":882,"column":98}},"607":{"start":{"line":883,"column":18},"end":{"line":883,"column":62}},"608":{"start":{"line":884,"column":18},"end":{"line":884,"column":62}},"609":{"start":{"line":887,"column":14},"end":{"line":887,"column":20}},"610":{"start":{"line":891,"column":14},"end":{"line":899,"column":15}},"611":{"start":{"line":892,"column":16},"end":{"line":898,"column":17}},"612":{"start":{"line":893,"column":18},"end":{"line":893,"column":103}},"613":{"start":{"line":894,"column":18},"end":{"line":894,"column":67}},"614":{"start":{"line":896,"column":18},"end":{"line":896,"column":98}},"615":{"start":{"line":897,"column":18},"end":{"line":897,"column":62}},"616":{"start":{"line":900,"column":14},"end":{"line":900,"column":20}},"617":{"start":{"line":903,"column":8},"end":{"line":903,"column":14}},"618":{"start":{"line":906,"column":8},"end":{"line":906,"column":41}},"619":{"start":{"line":907,"column":8},"end":{"line":907,"column":50}},"620":{"start":{"line":909,"column":8},"end":{"line":909,"column":40}},"621":{"start":{"line":910,"column":8},"end":{"line":910,"column":28}},"622":{"start":{"line":911,"column":8},"end":{"line":911,"column":36}},"623":{"start":{"line":913,"column":8},"end":{"line":913,"column":19}},"624":{"start":{"line":914,"column":8},"end":{"line":916,"column":9}},"625":{"start":{"line":915,"column":10},"end":{"line":915,"column":27}},"626":{"start":{"line":918,"column":8},"end":{"line":986,"column":9}},"627":{"start":{"line":919,"column":10},"end":{"line":985,"column":11}},"628":{"start":{"line":922,"column":14},"end":{"line":922,"column":36}},"629":{"start":{"line":923,"column":14},"end":{"line":923,"column":36}},"630":{"start":{"line":924,"column":14},"end":{"line":924,"column":47}},"631":{"start":{"line":925,"column":14},"end":{"line":953,"column":15}},"632":{"start":{"line":927,"column":16},"end":{"line":927,"column":58}},"633":{"start":{"line":928,"column":16},"end":{"line":928,"column":36}},"634":{"start":{"line":929,"column":16},"end":{"line":929,"column":38}},"635":{"start":{"line":930,"column":16},"end":{"line":930,"column":38}},"636":{"start":{"line":931,"column":16},"end":{"line":931,"column":49}},"637":{"start":{"line":932,"column":16},"end":{"line":944,"column":17}},"638":{"start":{"line":934,"column":18},"end":{"line":934,"column":60}},"639":{"start":{"line":935,"column":18},"end":{"line":935,"column":38}},"640":{"start":{"line":937,"column":18},"end":{"line":937,"column":34}},"641":{"start":{"line":938,"column":18},"end":{"line":938,"column":32}},"642":{"start":{"line":939,"column":18},"end":{"line":939,"column":31}},"643":{"start":{"line":941,"column":18},"end":{"line":941,"column":34}},"644":{"start":{"line":942,"column":18},"end":{"line":942,"column":32}},"645":{"start":{"line":943,"column":18},"end":{"line":943,"column":31}},"646":{"start":{"line":945,"column":21},"end":{"line":953,"column":15}},"647":{"start":{"line":947,"column":16},"end":{"line":947,"column":58}},"648":{"start":{"line":948,"column":16},"end":{"line":948,"column":36}},"649":{"start":{"line":950,"column":16},"end":{"line":950,"column":32}},"650":{"start":{"line":951,"column":16},"end":{"line":951,"column":30}},"651":{"start":{"line":952,"column":16},"end":{"line":952,"column":29}},"652":{"start":{"line":955,"column":14},"end":{"line":955,"column":94}},"653":{"start":{"line":956,"column":14},"end":{"line":956,"column":56}},"654":{"start":{"line":957,"column":14},"end":{"line":957,"column":56}},"655":{"start":{"line":958,"column":14},"end":{"line":958,"column":56}},"656":{"start":{"line":959,"column":14},"end":{"line":959,"column":20}},"657":{"start":{"line":963,"column":14},"end":{"line":963,"column":36}},"658":{"start":{"line":964,"column":14},"end":{"line":964,"column":36}},"659":{"start":{"line":965,"column":14},"end":{"line":965,"column":47}},"660":{"start":{"line":966,"column":14},"end":{"line":977,"column":15}},"661":{"start":{"line":968,"column":16},"end":{"line":968,"column":58}},"662":{"start":{"line":969,"column":16},"end":{"line":969,"column":36}},"663":{"start":{"line":970,"column":16},"end":{"line":970,"column":96}},"664":{"start":{"line":971,"column":16},"end":{"line":971,"column":58}},"665":{"start":{"line":972,"column":16},"end":{"line":972,"column":58}},"666":{"start":{"line":974,"column":16},"end":{"line":974,"column":32}},"667":{"start":{"line":975,"column":16},"end":{"line":975,"column":29}},"668":{"start":{"line":976,"column":16},"end":{"line":976,"column":30}},"669":{"start":{"line":978,"column":14},"end":{"line":978,"column":20}},"670":{"start":{"line":982,"column":14},"end":{"line":982,"column":94}},"671":{"start":{"line":983,"column":14},"end":{"line":983,"column":56}},"672":{"start":{"line":984,"column":14},"end":{"line":984,"column":20}},"673":{"start":{"line":987,"column":8},"end":{"line":987,"column":14}},"674":{"start":{"line":990,"column":18},"end":{"line":990,"column":19}},"675":{"start":{"line":991,"column":8},"end":{"line":991,"column":41}},"676":{"start":{"line":992,"column":8},"end":{"line":992,"column":48}},"677":{"start":{"line":994,"column":8},"end":{"line":994,"column":39}},"678":{"start":{"line":995,"column":8},"end":{"line":995,"column":25}},"679":{"start":{"line":996,"column":8},"end":{"line":996,"column":36}},"680":{"start":{"line":998,"column":8},"end":{"line":998,"column":18}},"681":{"start":{"line":999,"column":8},"end":{"line":1001,"column":9}},"682":{"start":{"line":1000,"column":10},"end":{"line":1000,"column":26}},"683":{"start":{"line":1003,"column":8},"end":{"line":1073,"column":9}},"684":{"start":{"line":1004,"column":10},"end":{"line":1072,"column":11}},"685":{"start":{"line":1007,"column":14},"end":{"line":1007,"column":36}},"686":{"start":{"line":1008,"column":14},"end":{"line":1008,"column":36}},"687":{"start":{"line":1009,"column":14},"end":{"line":1009,"column":47}},"688":{"start":{"line":1011,"column":14},"end":{"line":1040,"column":15}},"689":{"start":{"line":1013,"column":16},"end":{"line":1013,"column":56}},"690":{"start":{"line":1014,"column":16},"end":{"line":1014,"column":33}},"691":{"start":{"line":1016,"column":16},"end":{"line":1016,"column":38}},"692":{"start":{"line":1017,"column":16},"end":{"line":1017,"column":38}},"693":{"start":{"line":1018,"column":16},"end":{"line":1018,"column":49}},"694":{"start":{"line":1019,"column":16},"end":{"line":1031,"column":17}},"695":{"start":{"line":1021,"column":18},"end":{"line":1021,"column":58}},"696":{"start":{"line":1022,"column":18},"end":{"line":1022,"column":35}},"697":{"start":{"line":1024,"column":18},"end":{"line":1024,"column":33}},"698":{"start":{"line":1025,"column":18},"end":{"line":1025,"column":31}},"699":{"start":{"line":1026,"column":18},"end":{"line":1026,"column":30}},"700":{"start":{"line":1028,"column":18},"end":{"line":1028,"column":33}},"701":{"start":{"line":1029,"column":18},"end":{"line":1029,"column":31}},"702":{"start":{"line":1030,"column":18},"end":{"line":1030,"column":30}},"703":{"start":{"line":1032,"column":21},"end":{"line":1040,"column":15}},"704":{"start":{"line":1034,"column":16},"end":{"line":1034,"column":56}},"705":{"start":{"line":1035,"column":16},"end":{"line":1035,"column":33}},"706":{"start":{"line":1037,"column":16},"end":{"line":1037,"column":31}},"707":{"start":{"line":1038,"column":16},"end":{"line":1038,"column":29}},"708":{"start":{"line":1039,"column":16},"end":{"line":1039,"column":28}},"709":{"start":{"line":1042,"column":14},"end":{"line":1042,"column":95}},"710":{"start":{"line":1043,"column":14},"end":{"line":1043,"column":56}},"711":{"start":{"line":1044,"column":14},"end":{"line":1044,"column":56}},"712":{"start":{"line":1045,"column":14},"end":{"line":1045,"column":56}},"713":{"start":{"line":1046,"column":14},"end":{"line":1046,"column":20}},"714":{"start":{"line":1050,"column":14},"end":{"line":1050,"column":36}},"715":{"start":{"line":1051,"column":14},"end":{"line":1051,"column":36}},"716":{"start":{"line":1052,"column":14},"end":{"line":1052,"column":47}},"717":{"start":{"line":1053,"column":14},"end":{"line":1064,"column":15}},"718":{"start":{"line":1055,"column":16},"end":{"line":1055,"column":56}},"719":{"start":{"line":1056,"column":16},"end":{"line":1056,"column":33}},"720":{"start":{"line":1057,"column":16},"end":{"line":1057,"column":97}},"721":{"start":{"line":1058,"column":16},"end":{"line":1058,"column":58}},"722":{"start":{"line":1059,"column":16},"end":{"line":1059,"column":58}},"723":{"start":{"line":1061,"column":16},"end":{"line":1061,"column":31}},"724":{"start":{"line":1062,"column":16},"end":{"line":1062,"column":28}},"725":{"start":{"line":1063,"column":16},"end":{"line":1063,"column":29}},"726":{"start":{"line":1065,"column":14},"end":{"line":1065,"column":20}},"727":{"start":{"line":1069,"column":14},"end":{"line":1069,"column":95}},"728":{"start":{"line":1070,"column":14},"end":{"line":1070,"column":56}},"729":{"start":{"line":1071,"column":14},"end":{"line":1071,"column":20}},"730":{"start":{"line":1074,"column":8},"end":{"line":1074,"column":14}},"731":{"start":{"line":1078,"column":2},"end":{"line":1078,"column":45}},"732":{"start":{"line":1080,"column":2},"end":{"line":1080,"column":18}},"733":{"start":{"line":1084,"column":11},"end":{"line":1084,"column":50}},"734":{"start":{"line":1085,"column":12},"end":{"line":1085,"column":51}},"735":{"start":{"line":1086,"column":2},"end":{"line":1086,"column":37}},"736":{"start":{"line":1088,"column":12},"end":{"line":1088,"column":34}},"737":{"start":{"line":1090,"column":2},"end":{"line":1094,"column":3}},"738":{"start":{"line":1091,"column":4},"end":{"line":1091,"column":16}},"739":{"start":{"line":1093,"column":4},"end":{"line":1093,"column":17}},"740":{"start":{"line":1098,"column":11},"end":{"line":1098,"column":64}},"741":{"start":{"line":1099,"column":12},"end":{"line":1099,"column":58}},"742":{"start":{"line":1100,"column":2},"end":{"line":1100,"column":37}},"743":{"start":{"line":1102,"column":12},"end":{"line":1102,"column":34}},"744":{"start":{"line":1104,"column":2},"end":{"line":1109,"column":3}},"745":{"start":{"line":1105,"column":4},"end":{"line":1105,"column":16}},"746":{"start":{"line":1107,"column":4},"end":{"line":1107,"column":32}},"747":{"start":{"line":1108,"column":4},"end":{"line":1108,"column":17}},"748":{"start":{"line":1113,"column":11},"end":{"line":1113,"column":72}},"749":{"start":{"line":1114,"column":12},"end":{"line":1114,"column":59}},"750":{"start":{"line":1115,"column":2},"end":{"line":1115,"column":37}},"751":{"start":{"line":1117,"column":12},"end":{"line":1117,"column":34}},"752":{"start":{"line":1119,"column":2},"end":{"line":1123,"column":3}},"753":{"start":{"line":1120,"column":4},"end":{"line":1120,"column":16}},"754":{"start":{"line":1122,"column":4},"end":{"line":1122,"column":17}},"755":{"start":{"line":1127,"column":11},"end":{"line":1127,"column":69}},"756":{"start":{"line":1128,"column":12},"end":{"line":1128,"column":56}},"757":{"start":{"line":1129,"column":2},"end":{"line":1129,"column":37}},"758":{"start":{"line":1131,"column":12},"end":{"line":1131,"column":34}},"759":{"start":{"line":1133,"column":2},"end":{"line":1137,"column":3}},"760":{"start":{"line":1134,"column":4},"end":{"line":1134,"column":16}},"761":{"start":{"line":1136,"column":4},"end":{"line":1136,"column":17}},"762":{"start":{"line":1141,"column":11},"end":{"line":1141,"column":43}},"763":{"start":{"line":1142,"column":12},"end":{"line":1142,"column":51}},"764":{"start":{"line":1143,"column":2},"end":{"line":1143,"column":37}},"765":{"start":{"line":1145,"column":12},"end":{"line":1145,"column":34}},"766":{"start":{"line":1147,"column":2},"end":{"line":1151,"column":3}},"767":{"start":{"line":1148,"column":4},"end":{"line":1148,"column":16}},"768":{"start":{"line":1150,"column":4},"end":{"line":1150,"column":17}},"769":{"start":{"line":1155,"column":11},"end":{"line":1155,"column":48}},"770":{"start":{"line":1156,"column":12},"end":{"line":1156,"column":49}},"771":{"start":{"line":1157,"column":2},"end":{"line":1157,"column":37}},"772":{"start":{"line":1159,"column":12},"end":{"line":1159,"column":34}},"773":{"start":{"line":1161,"column":2},"end":{"line":1165,"column":3}},"774":{"start":{"line":1162,"column":4},"end":{"line":1162,"column":28}},"775":{"start":{"line":1164,"column":4},"end":{"line":1164,"column":17}},"776":{"start":{"line":1169,"column":11},"end":{"line":1169,"column":49}},"777":{"start":{"line":1170,"column":12},"end":{"line":1170,"column":53}},"778":{"start":{"line":1171,"column":2},"end":{"line":1171,"column":37}},"779":{"start":{"line":1173,"column":12},"end":{"line":1173,"column":42}},"780":{"start":{"line":1175,"column":2},"end":{"line":1180,"column":3}},"781":{"start":{"line":1176,"column":14},"end":{"line":1176,"column":42}},"782":{"start":{"line":1177,"column":4},"end":{"line":1177,"column":15}},"783":{"start":{"line":1179,"column":4},"end":{"line":1179,"column":13}},"784":{"start":{"line":1184,"column":11},"end":{"line":1184,"column":52}},"785":{"start":{"line":1185,"column":12},"end":{"line":1185,"column":53}},"786":{"start":{"line":1186,"column":2},"end":{"line":1186,"column":37}},"787":{"start":{"line":1188,"column":12},"end":{"line":1188,"column":42}},"788":{"start":{"line":1190,"column":2},"end":{"line":1195,"column":3}},"789":{"start":{"line":1191,"column":14},"end":{"line":1191,"column":42}},"790":{"start":{"line":1192,"column":4},"end":{"line":1192,"column":15}},"791":{"start":{"line":1194,"column":4},"end":{"line":1194,"column":13}},"792":{"start":{"line":1199,"column":11},"end":{"line":1199,"column":52}},"793":{"start":{"line":1200,"column":12},"end":{"line":1200,"column":53}},"794":{"start":{"line":1201,"column":2},"end":{"line":1201,"column":37}},"795":{"start":{"line":1203,"column":12},"end":{"line":1203,"column":42}},"796":{"start":{"line":1205,"column":2},"end":{"line":1210,"column":3}},"797":{"start":{"line":1206,"column":14},"end":{"line":1206,"column":42}},"798":{"start":{"line":1207,"column":4},"end":{"line":1207,"column":15}},"799":{"start":{"line":1209,"column":4},"end":{"line":1209,"column":13}},"800":{"start":{"line":1214,"column":11},"end":{"line":1214,"column":49}},"801":{"start":{"line":1215,"column":12},"end":{"line":1215,"column":50}},"802":{"start":{"line":1216,"column":2},"end":{"line":1216,"column":37}},"803":{"start":{"line":1218,"column":12},"end":{"line":1218,"column":34}},"804":{"start":{"line":1222,"column":2},"end":{"line":1226,"column":3}},"805":{"start":{"line":1223,"column":4},"end":{"line":1223,"column":16}},"806":{"start":{"line":1225,"column":4},"end":{"line":1225,"column":17}},"807":{"start":{"line":1230,"column":11},"end":{"line":1230,"column":41}},"808":{"start":{"line":1231,"column":12},"end":{"line":1231,"column":49}},"809":{"start":{"line":1232,"column":2},"end":{"line":1232,"column":37}},"810":{"start":{"line":1234,"column":12},"end":{"line":1234,"column":34}},"811":{"start":{"line":1236,"column":2},"end":{"line":1240,"column":3}},"812":{"start":{"line":1237,"column":4},"end":{"line":1237,"column":16}},"813":{"start":{"line":1239,"column":4},"end":{"line":1239,"column":17}},"814":{"start":{"line":1244,"column":11},"end":{"line":1244,"column":40}},"815":{"start":{"line":1245,"column":12},"end":{"line":1245,"column":48}},"816":{"start":{"line":1246,"column":2},"end":{"line":1246,"column":37}},"817":{"start":{"line":1248,"column":12},"end":{"line":1248,"column":37}},"818":{"start":{"line":1250,"column":2},"end":{"line":1254,"column":3}},"819":{"start":{"line":1251,"column":4},"end":{"line":1251,"column":18}},"820":{"start":{"line":1253,"column":4},"end":{"line":1253,"column":17}},"821":{"start":{"line":1258,"column":11},"end":{"line":1258,"column":53}},"822":{"start":{"line":1259,"column":12},"end":{"line":1259,"column":54}},"823":{"start":{"line":1260,"column":2},"end":{"line":1260,"column":37}},"824":{"start":{"line":1262,"column":12},"end":{"line":1262,"column":34}},"825":{"start":{"line":1264,"column":2},"end":{"line":1268,"column":3}},"826":{"start":{"line":1265,"column":4},"end":{"line":1265,"column":16}},"827":{"start":{"line":1267,"column":4},"end":{"line":1267,"column":17}},"828":{"start":{"line":1273,"column":13},"end":{"line":1273,"column":14}},"829":{"start":{"line":1274,"column":2},"end":{"line":1293,"column":5}},"830":{"start":{"line":1275,"column":19},"end":{"line":1292,"column":11}},"831":{"start":{"line":1276,"column":6},"end":{"line":1276,"column":13}},"832":{"start":{"line":1277,"column":6},"end":{"line":1287,"column":7}},"833":{"start":{"line":1278,"column":8},"end":{"line":1278,"column":32}},"834":{"start":{"line":1279,"column":23},"end":{"line":1279,"column":53}},"835":{"start":{"line":1280,"column":8},"end":{"line":1280,"column":42}},"836":{"start":{"line":1282,"column":8},"end":{"line":1284,"column":9}},"837":{"start":{"line":1283,"column":10},"end":{"line":1283,"column":43}},"838":{"start":{"line":1286,"column":8},"end":{"line":1286,"column":26}},"839":{"start":{"line":1288,"column":6},"end":{"line":1291,"column":7}},"840":{"start":{"line":1289,"column":8},"end":{"line":1289,"column":32}},"841":{"start":{"line":1290,"column":8},"end":{"line":1290,"column":24}},"842":{"start":{"line":1297,"column":13},"end":{"line":1297,"column":14}},"843":{"start":{"line":1298,"column":2},"end":{"line":1312,"column":5}},"844":{"start":{"line":1299,"column":19},"end":{"line":1311,"column":11}},"845":{"start":{"line":1300,"column":6},"end":{"line":1300,"column":13}},"846":{"start":{"line":1301,"column":6},"end":{"line":1306,"column":7}},"847":{"start":{"line":1302,"column":8},"end":{"line":1302,"column":32}},"848":{"start":{"line":1303,"column":23},"end":{"line":1303,"column":61}},"849":{"start":{"line":1304,"column":8},"end":{"line":1304,"column":50}},"850":{"start":{"line":1305,"column":8},"end":{"line":1305,"column":26}},"851":{"start":{"line":1307,"column":6},"end":{"line":1310,"column":7}},"852":{"start":{"line":1308,"column":8},"end":{"line":1308,"column":32}},"853":{"start":{"line":1309,"column":8},"end":{"line":1309,"column":24}},"854":{"start":{"line":1316,"column":13},"end":{"line":1316,"column":14}},"855":{"start":{"line":1317,"column":2},"end":{"line":1331,"column":5}},"856":{"start":{"line":1318,"column":19},"end":{"line":1330,"column":11}},"857":{"start":{"line":1319,"column":6},"end":{"line":1319,"column":13}},"858":{"start":{"line":1320,"column":6},"end":{"line":1325,"column":7}},"859":{"start":{"line":1321,"column":8},"end":{"line":1321,"column":32}},"860":{"start":{"line":1322,"column":23},"end":{"line":1322,"column":61}},"861":{"start":{"line":1323,"column":8},"end":{"line":1323,"column":50}},"862":{"start":{"line":1324,"column":8},"end":{"line":1324,"column":26}},"863":{"start":{"line":1326,"column":6},"end":{"line":1329,"column":7}},"864":{"start":{"line":1327,"column":8},"end":{"line":1327,"column":32}},"865":{"start":{"line":1328,"column":8},"end":{"line":1328,"column":24}},"866":{"start":{"line":1335,"column":13},"end":{"line":1335,"column":14}},"867":{"start":{"line":1336,"column":2},"end":{"line":1350,"column":5}},"868":{"start":{"line":1337,"column":19},"end":{"line":1349,"column":11}},"869":{"start":{"line":1338,"column":6},"end":{"line":1338,"column":13}},"870":{"start":{"line":1339,"column":6},"end":{"line":1344,"column":7}},"871":{"start":{"line":1340,"column":8},"end":{"line":1340,"column":32}},"872":{"start":{"line":1341,"column":23},"end":{"line":1341,"column":61}},"873":{"start":{"line":1342,"column":8},"end":{"line":1342,"column":50}},"874":{"start":{"line":1343,"column":8},"end":{"line":1343,"column":26}},"875":{"start":{"line":1345,"column":6},"end":{"line":1348,"column":7}},"876":{"start":{"line":1346,"column":8},"end":{"line":1346,"column":32}},"877":{"start":{"line":1347,"column":8},"end":{"line":1347,"column":24}},"878":{"start":{"line":1354,"column":13},"end":{"line":1354,"column":14}},"879":{"start":{"line":1355,"column":2},"end":{"line":1369,"column":5}},"880":{"start":{"line":1356,"column":19},"end":{"line":1368,"column":11}},"881":{"start":{"line":1357,"column":6},"end":{"line":1357,"column":13}},"882":{"start":{"line":1358,"column":6},"end":{"line":1363,"column":7}},"883":{"start":{"line":1359,"column":8},"end":{"line":1359,"column":32}},"884":{"start":{"line":1360,"column":23},"end":{"line":1360,"column":56}},"885":{"start":{"line":1361,"column":8},"end":{"line":1361,"column":45}},"886":{"start":{"line":1362,"column":8},"end":{"line":1362,"column":26}},"887":{"start":{"line":1364,"column":6},"end":{"line":1367,"column":7}},"888":{"start":{"line":1365,"column":8},"end":{"line":1365,"column":32}},"889":{"start":{"line":1366,"column":8},"end":{"line":1366,"column":24}},"890":{"start":{"line":1373,"column":13},"end":{"line":1373,"column":14}},"891":{"start":{"line":1374,"column":16},"end":{"line":1374,"column":22}},"892":{"start":{"line":1375,"column":2},"end":{"line":1393,"column":5}},"893":{"start":{"line":1376,"column":19},"end":{"line":1392,"column":11}},"894":{"start":{"line":1377,"column":21},"end":{"line":1377,"column":27}},"895":{"start":{"line":1378,"column":6},"end":{"line":1378,"column":13}},"896":{"start":{"line":1380,"column":6},"end":{"line":1380,"column":37}},"897":{"start":{"line":1383,"column":6},"end":{"line":1383,"column":33}},"898":{"start":{"line":1384,"column":6},"end":{"line":1387,"column":7}},"899":{"start":{"line":1385,"column":8},"end":{"line":1385,"column":32}},"900":{"start":{"line":1386,"column":8},"end":{"line":1386,"column":22}},"901":{"start":{"line":1388,"column":6},"end":{"line":1391,"column":7}},"902":{"start":{"line":1389,"column":8},"end":{"line":1389,"column":32}},"903":{"start":{"line":1390,"column":8},"end":{"line":1390,"column":23}},"904":{"start":{"line":1396,"column":0},"end":{"line":1411,"column":2}}},"fnMap":{"0":{"name":"_interopRequireDefault","decl":{"start":{"line":29,"column":9},"end":{"line":29,"column":31}},"loc":{"start":{"line":29,"column":37},"end":{"line":29,"column":95}},"line":29},"1":{"name":"calibration","decl":{"start":{"line":72,"column":15},"end":{"line":72,"column":26}},"loc":{"start":{"line":72,"column":29},"end":{"line":74,"column":1}},"line":72},"2":{"name":"goHome","decl":{"start":{"line":76,"column":15},"end":{"line":76,"column":21}},"loc":{"start":{"line":76,"column":24},"end":{"line":78,"column":1}},"line":76},"3":{"name":"step","decl":{"start":{"line":80,"column":15},"end":{"line":80,"column":19}},"loc":{"start":{"line":80,"column":39},"end":{"line":101,"column":1}},"line":80},"4":{"name":"stop","decl":{"start":{"line":103,"column":15},"end":{"line":103,"column":19}},"loc":{"start":{"line":103,"column":22},"end":{"line":105,"column":1}},"line":103},"5":{"name":"run","decl":{"start":{"line":107,"column":15},"end":{"line":107,"column":18}},"loc":{"start":{"line":107,"column":27},"end":{"line":114,"column":1}},"line":107},"6":{"name":"setSize","decl":{"start":{"line":116,"column":15},"end":{"line":116,"column":22}},"loc":{"start":{"line":116,"column":44},"end":{"line":139,"column":1}},"line":116},"7":{"name":"write","decl":{"start":{"line":141,"column":15},"end":{"line":141,"column":20}},"loc":{"start":{"line":141,"column":31},"end":{"line":166,"column":1}},"line":141},"8":{"name":"read","decl":{"start":{"line":168,"column":15},"end":{"line":168,"column":19}},"loc":{"start":{"line":168,"column":28},"end":{"line":183,"column":1}},"line":168},"9":{"name":"clearMotion","decl":{"start":{"line":185,"column":15},"end":{"line":185,"column":26}},"loc":{"start":{"line":185,"column":35},"end":{"line":200,"column":1}},"line":185},"10":{"name":"readPosition","decl":{"start":{"line":202,"column":15},"end":{"line":202,"column":27}},"loc":{"start":{"line":202,"column":30},"end":{"line":210,"column":1}},"line":202},"11":{"name":"axesFree","decl":{"start":{"line":212,"column":15},"end":{"line":212,"column":23}},"loc":{"start":{"line":212,"column":30},"end":{"line":222,"column":1}},"line":212},"12":{"name":"ack","decl":{"start":{"line":224,"column":15},"end":{"line":224,"column":18}},"loc":{"start":{"line":224,"column":21},"end":{"line":226,"column":1}},"line":224},"13":{"name":"execute","decl":{"start":{"line":228,"column":15},"end":{"line":228,"column":22}},"loc":{"start":{"line":228,"column":31},"end":{"line":242,"column":1}},"line":228},"14":{"name":"updateGains","decl":{"start":{"line":244,"column":15},"end":{"line":244,"column":26}},"loc":{"start":{"line":244,"column":34},"end":{"line":306,"column":1}},"line":244},"15":{"name":"decode","decl":{"start":{"line":311,"column":9},"end":{"line":311,"column":15}},"loc":{"start":{"line":311,"column":22},"end":{"line":581,"column":1}},"line":311},"16":{"name":"uncode","decl":{"start":{"line":583,"column":9},"end":{"line":583,"column":15}},"loc":{"start":{"line":583,"column":30},"end":{"line":1081,"column":1}},"line":583},"17":{"name":"load_cmd","decl":{"start":{"line":1083,"column":15},"end":{"line":1083,"column":23}},"loc":{"start":{"line":1083,"column":32},"end":{"line":1095,"column":1}},"line":1083},"18":{"name":"execute_cmd","decl":{"start":{"line":1097,"column":15},"end":{"line":1097,"column":26}},"loc":{"start":{"line":1097,"column":45},"end":{"line":1110,"column":1}},"line":1097},"19":{"name":"set_param_cmd","decl":{"start":{"line":1112,"column":15},"end":{"line":1112,"column":28}},"loc":{"start":{"line":1112,"column":52},"end":{"line":1124,"column":1}},"line":1112},"20":{"name":"write_cmd","decl":{"start":{"line":1126,"column":15},"end":{"line":1126,"column":24}},"loc":{"start":{"line":1126,"column":49},"end":{"line":1138,"column":1}},"line":1126},"21":{"name":"update_cmd","decl":{"start":{"line":1140,"column":15},"end":{"line":1140,"column":25}},"loc":{"start":{"line":1140,"column":28},"end":{"line":1152,"column":1}},"line":1140},"22":{"name":"read_cmd","decl":{"start":{"line":1154,"column":15},"end":{"line":1154,"column":23}},"loc":{"start":{"line":1154,"column":30},"end":{"line":1166,"column":1}},"line":1154},"23":{"name":"read_pos_x_cmd","decl":{"start":{"line":1168,"column":15},"end":{"line":1168,"column":29}},"loc":{"start":{"line":1168,"column":32},"end":{"line":1181,"column":1}},"line":1168},"24":{"name":"read_pos_y_cmd","decl":{"start":{"line":1183,"column":15},"end":{"line":1183,"column":29}},"loc":{"start":{"line":1183,"column":32},"end":{"line":1196,"column":1}},"line":1183},"25":{"name":"read_pos_z_cmd","decl":{"start":{"line":1198,"column":15},"end":{"line":1198,"column":29}},"loc":{"start":{"line":1198,"column":32},"end":{"line":1211,"column":1}},"line":1198},"26":{"name":"run_cmd","decl":{"start":{"line":1213,"column":15},"end":{"line":1213,"column":22}},"loc":{"start":{"line":1213,"column":31},"end":{"line":1227,"column":1}},"line":1213},"27":{"name":"stop_cmd","decl":{"start":{"line":1229,"column":15},"end":{"line":1229,"column":23}},"loc":{"start":{"line":1229,"column":26},"end":{"line":1241,"column":1}},"line":1229},"28":{"name":"ack_cmd","decl":{"start":{"line":1243,"column":15},"end":{"line":1243,"column":22}},"loc":{"start":{"line":1243,"column":25},"end":{"line":1255,"column":1}},"line":1243},"29":{"name":"axesFree_cmd","decl":{"start":{"line":1257,"column":15},"end":{"line":1257,"column":27}},"loc":{"start":{"line":1257,"column":34},"end":{"line":1269,"column":1}},"line":1257},"30":{"name":"waitResponse","decl":{"start":{"line":1272,"column":9},"end":{"line":1272,"column":21}},"loc":{"start":{"line":1272,"column":28},"end":{"line":1294,"column":1}},"line":1272},"31":{"name":"(anonymous_31)","decl":{"start":{"line":1274,"column":21},"end":{"line":1274,"column":22}},"loc":{"start":{"line":1274,"column":40},"end":{"line":1293,"column":3}},"line":1274},"32":{"name":"(anonymous_32)","decl":{"start":{"line":1275,"column":31},"end":{"line":1275,"column":32}},"loc":{"start":{"line":1275,"column":43},"end":{"line":1292,"column":5}},"line":1275},"33":{"name":"waitResponseEncoderX","decl":{"start":{"line":1296,"column":9},"end":{"line":1296,"column":29}},"loc":{"start":{"line":1296,"column":36},"end":{"line":1313,"column":1}},"line":1296},"34":{"name":"(anonymous_34)","decl":{"start":{"line":1298,"column":21},"end":{"line":1298,"column":22}},"loc":{"start":{"line":1298,"column":40},"end":{"line":1312,"column":3}},"line":1298},"35":{"name":"(anonymous_35)","decl":{"start":{"line":1299,"column":31},"end":{"line":1299,"column":32}},"loc":{"start":{"line":1299,"column":43},"end":{"line":1311,"column":5}},"line":1299},"36":{"name":"waitResponseEncoderY","decl":{"start":{"line":1315,"column":9},"end":{"line":1315,"column":29}},"loc":{"start":{"line":1315,"column":36},"end":{"line":1332,"column":1}},"line":1315},"37":{"name":"(anonymous_37)","decl":{"start":{"line":1317,"column":21},"end":{"line":1317,"column":22}},"loc":{"start":{"line":1317,"column":40},"end":{"line":1331,"column":3}},"line":1317},"38":{"name":"(anonymous_38)","decl":{"start":{"line":1318,"column":31},"end":{"line":1318,"column":32}},"loc":{"start":{"line":1318,"column
[...]
ar': { \"x\": \"none\", \"y\": \"none\", \"z\": \"none\" } });\n                  programa.cmmds[len].interpolar.y = DIR[1]*MM[1];\n                  programa.cmmds[len].interpolar.z = MM[2];\n                }else {\n                  programa.cmmds.push({ 'mover': { \"x\": \"none\", \"y\": \"none\", \"z\": \"none\" } });\n                  programa.cmmds[len].mover.y = DIR[1]*MM[1];\n                  programa.cmmds[len].mover.z = MM[2];\n                }\n              }\n              break;\n\n            case 2: // motor z\n              if(((CMDS[i + 1][0] >> 4) & 0x0F) == RUNop) {\n                if((CMDS[i + 1][0] & 0x02) == 0x02){\n                  programa.cmmds.push({ 'interpolar': { \"x\": \"none\", \"y\": \"none\", \"z\": \"none\" } });\n                  programa.cmmds[len].interpolar.z = DIR[2]*MM[2];\n                }else{\n                  programa.cmmds.push({ 'mover': { \"x\": \"none\", \"y\": \"none\", \"z\": \"none\" } });\n                  programa.cmmds[len].mover.z = DIR[2]*MM[2];\n                }\n              }\n              break;\n          }\n        }\n        break;\n\n      case MM_ABSop:\n          motor = Number((op_2 >> 2) & 0x03);\n          steps = Number(((op_2 & 0x03) << 8) | op_1);\n          MM_ABS = ['none', 'none', 'none'];\n          MM_ABS[motor] = steps;\n          len = programa.cmmds.length;\n\n          contMM_ABS ++;\n          if((contMM_ABS > valueMM_ABS ) && flagMM_ABS ){\n            flagMM_ABS = false;\n          }\n          end = false;\n\n          if (!flagMM_ABS) {\n            switch (motor) {\n              case 0:  // motor x\n                if (((CMDS[i + 1][0] >> 4) & 0x0F) == MM_ABSop) {\n                  op_2 = CMDS[i + 1][0];\n                  op_1 = CMDS[i + 1][1];\n\n                  motor = Number((op_2 >> 2) & 0x03);\n                  steps = Number(((op_2 & 0x03) << 8) | op_1);\n                  MM_ABS[motor] = steps;\n\n                  if (((CMDS[i + 2][0] >> 4) & 0x0F) == MM_ABSop) {\n                    op_2 = CMDS[i + 2][0];\n                    op_1 = CMDS[i + 2][1];\n                    motor = Number((op_2 >> 2) & 0x03);\n                    steps = Number(((op_2 & 0x03) << 8) | op_1);\n                    MM_ABS[motor] = steps;\n                    if(((CMDS[i + 3][0] >> 4) & 0x0F) == RUNop) {\n                      end = true;\n                      flagMM_ABS = true;\n                      contMM_ABS = 0;\n                      valueMM_ABS = 2;\n                      interpolar = ((CMDS[i + 3][0] & 0x02) == 0x02)? true : false;\n                    }\n                  }else if(((CMDS[i + 2][0] >> 4) & 0x0F) == RUNop) {\n                    end = true;\n                    flagMM_ABS = true;\n                    contMM_ABS = 0;\n                    valueMM_ABS = 1;\n                    interpolar = ((CMDS[i + 2][0] & 0x02) == 0x02)? true : false;\n                  }\n                }else if(((CMDS[i + 1][0] >> 4) & 0x0F) == RUNop) {\n                  end = true;\n                  interpolar = ((CMDS[i + 1][0] & 0x02) == 0x02)? true : false;\n                }\n\n                if(end){\n                  if(interpolar){\n                    programa.cmmds.push({ 'interpolar_abs': { \"x\": \"none\", \"y\": \"none\", \"z\": \"none\" } });\n                    programa.cmmds[len].interpolar_abs.x = MM_ABS[0];\n                    programa.cmmds[len].interpolar_abs.y = MM_ABS[1];\n                    programa.cmmds[len].interpolar_abs.z = MM_ABS[2];\n                  }else{\n                    programa.cmmds.push({ 'mover_abs': { \"x\": \"none\", \"y\": \"none\", \"z\": \"none\" } });\n                    programa.cmmds[len].mover_abs.x = MM_ABS[0];\n                    programa.cmmds[len].mover_abs.y = MM_ABS[1];\n                    programa.cmmds[len].mover_abs.z = MM_ABS[2];\n                  }\n                }\n                break;\n\n              case 1: // motor y\n                if (((CMDS[i + 1][0] >> 4) & 0x0F) == MM_ABSop) {\n                  op_2 = CMDS[i + 1][0];\n                  op_1 = CMDS[i + 1][1];\n                  motor = Number((op_2 >> 2) & 0x03);\n                  steps = Number(((op_2 & 0x03) << 8) | op_1);\n                  MM_ABS[motor] = steps;\n\n                  if(((CMDS[i + 2][0] >> 4) & 0x0F) == RUNop) {\n                    end = true;\n                    flagMM_ABS = true;\n                    contMM_ABS = 0;\n                    valueMM_ABS = 1;\n                    interpolar = ((CMDS[i + 2][0] & 0x02) == 0x02)? true : false;\n                  }\n                }else if(((CMDS[i + 1][0] >> 4) & 0x0F) == RUNop) {\n                  end = true;\n                  interpolar = ((CMDS[i + 1][0] & 0x02) == 0x02)? true : false;\n                }\n\n                if(end){\n                  if(interpolar){\n                    programa.cmmds.push({ 'interpolar_abs': { \"x\": \"none\", \"y\": \"none\", \"z\": \"none\" } });\n                    programa.cmmds[len].interpolar_abs.y = MM_ABS[1];\n                    programa.cmmds[len].interpolar_abs.z = MM_ABS[2];\n                  }else{\n                    programa.cmmds.push({ 'mover_abs': { \"x\": \"none\", \"y\": \"none\", \"z\": \"none\" } });\n                    programa.cmmds[len].mover_abs.y = MM_ABS[1];\n                    programa.cmmds[len].mover_abs.z = MM_ABS[2];\n                  }\n                }\n                break;\n\n              case 2: // motor z\n                if(((CMDS[i + 1][0] >> 4) & 0x0F) == RUNop) {\n                  if((CMDS[i + 1][0] & 0x02) == 0x02){\n                    programa.cmmds.push({ 'interpolar_abs': { \"x\": \"none\", \"y\": \"none\", \"z\": \"none\" } });\n                    programa.cmmds[len].interpolar_abs.z = MM_ABS[2];\n                  }else{\n                    programa.cmmds.push({ 'mover_abs': { \"x\": \"none\", \"y\": \"none\", \"z\": \"none\" } });\n                    programa.cmmds[len].mover_abs.z = MM_ABS[2];\n                  }\n                }\n                break;\n            }\n          }\n          break;\n\n      case GOMMop:\n        motor = Number((op_2 >> 2) & 0x03);\n        steps = Number(((op_2 & 0x03) << 8) | op_1);\n\n        GOMM = ['none', 'none', 'none'];\n        GOMM[motor] = steps;\n        len = programa.cmmds.length;\n\n        contGOMM ++;\n        if((contGOMM > valueGOMM ) && flagGOMM ){\n          flagGOMM = false;\n        }\n\n        if (!flagGOMM) {\n          switch (motor) {\n            case 0:  // motor x\n              op_2 = CMDS[i + 1][0];\n              op_1 = CMDS[i + 1][1];\n              motor = Number((op_2 >> 2) & 0x03);\n              if ((((op_2 >> 4) & 0x0F) == GOMMop) && (motor == 1)) { //motor y\n                steps = Number(((op_2 & 0x03) << 8) | op_1);\n                GOMM[motor] = steps;\n                op_2 = CMDS[i + 2][0];\n                op_1 = CMDS[i + 2][1];\n                motor = Number((op_2 >> 2) & 0x03);\n                if ((((op_2 >> 4) & 0x0F) == GOMMop) && (motor == 2)) { //motor z\n                  steps = Number(((op_2 & 0x03) << 8) | op_1);\n                  GOMM[motor] = steps;\n\n                  flagGOMM = true;\n                  valueGOMM = 2;\n                  contGOMM = 0;\n                }else{\n                  flagGOMM = true;\n                  valueGOMM = 1;\n                  contGOMM = 0;\n                }\n              } else if ((((op_2 >> 4) & 0x0F) == GOMMop) && (motor == 2)) { //motor z\n                steps = Number(((op_2 & 0x03) << 8) | op_1);\n                GOMM[motor] = steps;\n\n                flagGOMM = true;\n                valueGOMM = 1;\n                contGOMM = 0;\n              }\n\n              programa.cmmds.push({ 'mover_abs': { \"x\": \"none\", \"y\": \"none\", \"z\": \"none\" } });\n              programa.cmmds[len].mover_abs.x = GOMM[0];\n              programa.cmmds[len].mover_abs.y = GOMM[1];\n              programa.cmmds[len].mover_abs.z = GOMM[2];\n              break;\n\n            case 1: // motor y\n              op_2 = CMDS[i + 1][0];\n              op_1 = CMDS[i + 1][1];\n              motor = Number((op_2 >> 2) & 0x03);\n              if ((((op_2 >> 4) & 0x0F) == GOMMop) && (motor == 2)) { //motor z\n                steps = Number(((op_2 & 0x03) << 8) | op_1);\n                GOMM[motor] = steps;\n                programa.cmmds.push({ 'mover_abs': { \"x\": \"none\", \"y\": \"none\", \"z\": \"none\" } });\n                programa.cmmds[len].mover_abs.y = GOMM[1];\n                programa.cmmds[len].mover_abs.z = GOMM[2];\n\n                flagGOMM = true;\n                contGOMM = 0;\n                valueGOMM = 1;\n              }\n              break;\n\n            case 2: // motor z\n              programa.cmmds.push({ 'mover_abs': { \"x\": \"none\", \"y\": \"none\", \"z\": \"none\" } });\n              programa.cmmds[len].mover_abs.z = GOMM[2];\n              break;\n          }\n        }\n        break;\n\n      case SETop:\n        let vel = 0;\n        motor = Number((op_2 >> 2) & 0x03);\n        vel = Number(((op_2 & 0x03) << 8) | op_1);\n\n        SET = ['none', 'none', 'none'];\n        SET[motor] = vel;\n        len = programa.cmmds.length;\n\n        contSET ++;\n        if((contSET > valueSET ) && flagSET ){\n          flagSET = false;\n        }\n\n        if (!flagSET) {\n          switch (motor) {\n            case 0:  // motor x\n              op_2 = CMDS[i + 1][0];\n              op_1 = CMDS[i + 1][1];\n              motor = Number((op_2 >> 2) & 0x03);\n\n              if ((((op_2 >> 4) & 0x0F) == SETop) && (motor == 1)) { //motor y\n                vel = Number(((op_2 & 0x03) << 8) | op_1);\n                SET[motor] = vel;\n\n                op_2 = CMDS[i + 2][0];\n                op_1 = CMDS[i + 2][1];\n                motor = Number((op_2 >> 2) & 0x03);\n                if ((((op_2 >> 4) & 0x0F) == SETop) && (motor == 2)) { //motor z\n                  vel = Number(((op_2 & 0x03) << 8) | op_1);\n                  SET[motor] = vel;\n\n                  flagSET = true;\n                  valueSET = 2;\n                  contSET = 0;\n                }else{\n                  flagSET = true;\n                  valueSET = 1;\n                  contSET = 0;\n                }\n              } else if ((((op_2 >> 4) & 0x0F) == SETop) && (motor == 2)) { //motor z\n                vel = Number(((op_2 & 0x03) << 8) | op_1);\n                SET[motor] = vel;\n\n                flagSET = true;\n                valueSET = 1;\n                contSET = 0;\n              }\n\n              programa.cmmds.push({ 'velocidade': { \"x\": \"none\", \"y\": \"none\", \"z\": \"none\" } });\n              programa.cmmds[len].velocidade.x = SET[0];\n              programa.cmmds[len].velocidade.y = SET[1];\n              programa.cmmds[len].velocidade.z = SET[2];\n              break;\n\n            case 1: // motor y\n              op_2 = CMDS[i + 1][0];\n              op_1 = CMDS[i + 1][1];\n              motor = Number((op_2 >> 2) & 0x03);\n              if ((((op_2 >> 4) & 0x0F) == SETop) && (motor == 2)) { //motor z\n                vel = Number(((op_2 & 0x03) << 8) | op_1);\n                SET[motor] = vel;\n                programa.cmmds.push({ 'velocidade': { \"x\": \"none\", \"y\": \"none\", \"z\": \"none\" } });\n                programa.cmmds[len].velocidade.y = SET[1];\n                programa.cmmds[len].velocidade.z = SET[2];\n\n                flagSET = true;\n                contSET = 0;\n                valueSET = 1;\n              }\n              break;\n\n          case 2: // motor z\n            programa.cmmds.push({ 'velocidade': { \"x\": \"none\", \"y\": \"none\", \"z\": \"none\" } });\n            programa.cmmds[len].velocidade.z = SET[2];\n            break;\n          }\n        }\n      break;\n    }\n  }\n\n  programa.qtd_cmmds = programa.cmmds.length;\n\n  return programa;\n}\n\nasync function load_cmd(MOTION) {\n  const CS = (0x00 - (0x3E + LOADcmd + MOTION)) & 0xFF;\n  const CMD = [0x3E, LOADcmd, MOTION, 0x00, 0x00, CS];\n  queueComand.enqueue(CMD);\n\n  const res = await waitResponse(70);\n\n  if ((res[1] == LOADcmd) && (res[2] == 0xC0)) {\n    return true;\n  } else {\n    return false;\n  }\n}\n\nasync function execute_cmd(OPCODE1, OPCODE2) {\n  const CS = (0x00 - (0x3E + EXECUTEcmd + OPCODE1 + OPCODE2)) & 0xFF;\n  const CMD = [0x3E, EXECUTEcmd, OPCODE1, OPCODE2, 0x00, CS];\n  queueComand.enqueue(CMD);\n\n  const res = await waitResponse(70);\n\n  if ((res[1] == EXECUTEcmd) && (res[2] == 0xC0)) {\n    return true;\n  } else {\n    console.log(`Erro: ${res}`);\n    return false;\n  }\n}\n\nasync function set_param_cmd(PARAM, VALUE1, VALUE2) {\n  const CS = (0x00 - (0x3E + SET_PARAMcmd + PARAM + VALUE1 + VALUE2)) & 0xFF;\n  const CMD = [0x3E, SET_PARAMcmd, PARAM, VALUE1, VALUE2, CS];\n  queueComand.enqueue(CMD);\n\n  const res = await waitResponse(70);\n\n  if ((res[1] == SET_PARAMcmd) && (res[2] == 0xC0)) {\n    return true;\n  } else {\n    return false;\n  }\n}\n\nasync function write_cmd(STEP, OPCODE1, OPCODE2) {\n  const CS = (0x00 - (0x3E + WRITEcmd + STEP + OPCODE1 + OPCODE2)) & 0xFF;\n  const CMD = [0x3E, WRITEcmd, STEP, OPCODE1, OPCODE2, CS];\n  queueComand.enqueue(CMD);\n\n  const res = await waitResponse(70);\n\n  if ((res[1] == WRITEcmd) && (res[2] == 0xC0)) {\n    return true;\n  } else {\n    return false;\n  }\n}\n\nasync function update_cmd() {\n  const CS = (0x00 - (0x3E + UPDATEcmd)) & 0xFF;\n  const CMD = [0x3E, UPDATEcmd, 0x00, 0x00, 0x00, CS];\n  queueComand.enqueue(CMD);\n\n  const res = await waitResponse(70);\n\n  if ((res[1] == UPDATEcmd) && (res[2] == 0xC0)) {\n    return true;\n  } else {\n    return false;\n  }\n}\n\nasync function read_cmd(STEP) {\n  const CS = (0x00 - (0x3E + READcmd + STEP)) & 0xFF;\n  const CMD = [0x3E, READcmd, STEP, 0x00, 0x00, CS];\n  queueComand.enqueue(CMD);\n\n  const res = await waitResponse(70);\n\n  if ((res[1] == READcmd) && (res[2] == 0xC0)) {\n    return [res[3], res[4]];\n  } else {\n    return false;\n  }\n}\n\nasync function read_pos_x_cmd() {\n  const CS = (0x00 - (0x3E + READ_POScmd + 0)) & 0xFF;\n  const CMD = [0x3E, READ_POScmd, 0x00, 0x00, 0x00, CS];\n  queueComand.enqueue(CMD);\n\n  const res = await waitResponseEncoderX(70);\n\n  if ((res[1] == READ_POScmd) && (res[2] == 0x00)) {\n    let pos = Number((res[3] << 8) | res[4]);\n    return pos;\n  } else {\n    return 0;\n  }\n}\n\nasync function read_pos_y_cmd() {\n  const CS = (0x00 - (0x3E + READ_POScmd + 0x01)) & 0xFF;\n  const CMD = [0x3E, READ_POScmd, 0x01, 0x00, 0x00, CS];\n  queueComand.enqueue(CMD);\n\n  const res = await waitResponseEncoderY(70);\n\n  if ((res[1] == READ_POScmd) && (res[2] == 0x01)) {\n    let pos = Number((res[3] << 8) | res[4]);\n    return pos;\n  } else {\n    return 0;\n  }\n}\n\n\nasync function read_pos_z_cmd() {\n  const CS = (0x00 - (0x3E + READ_POScmd + 0x02)) & 0xFF;\n  const CMD = [0x3E, READ_POScmd, 0x02, 0x00, 0x00, CS];\n  queueComand.enqueue(CMD);\n\n  const res = await waitResponseEncoderZ(70);\n\n  if ((res[1] == READ_POScmd) && (res[2] == 0x02)) {\n    let pos = Number((res[3] << 8) | res[4]);\n    return pos;\n  } else {\n    return 0;\n  }\n}\n\nasync function run_cmd(MOTION) {\n  const CS = (0x00 - (0x3E + RUNcmd + MOTION)) & 0xFF;\n  const CMD = [0x3E, RUNcmd, MOTION, 0x00, 0x00, CS];\n  queueComand.enqueue(CMD);\n\n  const res = await waitResponse(70);\n\n  // console.log(res);\n\n  if ((res[1] == RUNcmd) && (res[2] == 0xC0)) {\n    return true;\n  } else {\n    return false;\n  }\n}\n\nasync function stop_cmd() {\n  const CS = (0x00 - (0x3E + STOPcmd)) & 0xFF;\n  const CMD = [0x3E, STOPcmd, 0x00, 0x00, 0x00, CS];\n  queueComand.enqueue(CMD);\n\n  const res = await waitResponse(70);\n\n  if ((res[1] == STOPcmd) && (res[2] == 0xC0)) {\n    return true;\n  } else {\n    return false;\n  }\n}\n\nasync function ack_cmd() {\n  const CS = (0x00 - (0x3E + ACKcmd)) & 0xFF;\n  const CMD = [0x3E, ACKcmd, 0x00, 0x00, 0x00, CS];\n  queueComand.enqueue(CMD);\n\n  const res = await waitResponseAck(70);\n\n  if ((res[1] == ACKcmd) && (res[2] == 0xC0)) {\n    return res[3];\n  } else {\n    return false;\n  }\n}\n\nasync function axesFree_cmd(mode) {\n  const CS = (0x00 - (0x3E + AXES_FREEcmd + mode)) & 0xFF;\n  const CMD = [0x3E, AXES_FREEcmd, mode, 0x00, 0x00, CS];\n  queueComand.enqueue(CMD);\n\n  const res = await waitResponse(70);\n\n  if ((res[1] == AXES_FREEcmd) && (res[2] == 0xC0)) {\n    return true;\n  } else {\n    return false;\n  }\n}\n\n// Functions wait\nfunction waitResponse(time){\n  let cont = 0;\n  return new Promise((resolve) => {\n    const interval = setInterval(() => {\n      cont++;\n      if (!queueResponse.isEmpty()) {\n        clearInterval(interval);\n        let response = queueResponse.peek();\n        queueResponse.dequeue();\n\n        if ( response[2] != 0xC0) {\n          console.log(`Erro: ${response}`);\n        }\n\n        resolve(response);\n      }\n      if(cont > 20 ){\n        clearInterval(interval);\n        resolve([0x00]);\n      }\n    }, 300);\n  });\n}\n\nfunction waitResponseEncoderX(time) {\n  let cont = 0;\n  return new Promise((resolve) => {\n    const interval = setInterval(() => {\n      cont++;\n      if (!queueResponseEncoderX.isEmpty()) {\n        clearInterval(interval);\n        let response = queueResponseEncoderX.peek();\n        queueResponseEncoderX.dequeue();\n        resolve(response);\n      }\n      if(cont > 0 ){\n        clearInterval(interval);\n        resolve([0x00]);\n      }\n    }, 200);\n  });\n}\n\nfunction waitResponseEncoderY(time) {\n  let cont = 0;\n  return new Promise((resolve) => {\n    const interval = setInterval(() => {\n      cont++;\n      if (!queueResponseEncoderY.isEmpty()) {\n        clearInterval(interval);\n        let response = queueResponseEncoderY.peek();\n        queueResponseEncoderY.dequeue();\n        resolve(response);\n      }\n      if(cont > 0 ){\n        clearInterval(interval);\n        resolve([0x00]);\n      }\n    }, 200);\n  });\n}\n\nfunction waitResponseEncoderZ(time) {\n  let cont = 0;\n  return new Promise((resolve) => {\n    const interval = setInterval(() => {\n      cont++;\n      if (!queueResponseEncoderZ.isEmpty()) {\n        clearInterval(interval);\n        let response = queueResponseEncoderZ.peek();\n        queueResponseEncoderZ.dequeue();\n        resolve(response);\n      }\n      if(cont > 0 ){\n        clearInterval(interval);\n        resolve([0x00]);\n      }\n    }, 200);\n  });\n}\n\nfunction waitResponseAck(time) {\n  let cont = 0;\n  return new Promise((resolve) => {\n    const interval = setInterval(() => {\n      cont++;\n      if (!queueResponseAck.isEmpty()) {\n        clearInterval(interval);\n        let response = queueResponseAck.peek();\n        queueResponseAck.dequeue();\n        resolve(response);\n      }\n      if(cont > 0 ){\n        clearInterval(interval);\n        resolve([0x00]);\n      }\n    }, 200);\n  });\n}\n\nasync function waitfinish(){\n  let cont = 0;\n  let encoder;\n  return new Promise((resolve) => {\n    const interval = setInterval(async () => {\n      let response;\n      cont++;\n\n      encoder = await readPosition();\n      // io.emit('/encoder', encoder);  // Para o teste passar, precisa-se comentar esta linha\n\n      response  = await ack_cmd();\n      if(response == 0){\n        clearInterval(interval);\n        resolve(true);\n      }\n      if(cont > 100 ){\n        clearInterval(interval);\n        resolve(false);\n      }\n  }, 500);\n  });\n}\n\nmodule.exports = {\n  calibration,\n  goHome,\n  step,\n  stop,\n  run,\n  setSize,\n  write,\n  read,\n  clearMotion,\n  readPosition,\n  ack,\n  axesFree,\n  execute,\n  updateGains,\n}\n"]},"_coverageSchema":"1a1c01bbd47fc00a2c39e90264f33305004495a9","hash":"1d7384cc3fece10df0dbb33dd24aac51e53a93b7","contentHash":"8e46d0c7c808458faa2e25ff090bd4847c6c8f2c94e0ca9549c1e3b5c1c7f0cd"}}